Log file open, 03/14/22 18:05:41
LogWindows: Failed to load 'aqProf.dll' (GetLastError=126)
LogWindows: File 'aqProf.dll' does not exist
LogWindows: Failed to load 'VtuneApi.dll' (GetLastError=126)
LogWindows: File 'VtuneApi.dll' does not exist
LogWindows: Failed to load 'VtuneApi32e.dll' (GetLastError=126)
LogWindows: File 'VtuneApi32e.dll' does not exist
LogConsoleResponse: Display: Failed to find resolution value strings in scalability ini. Falling back to default.
LogConsoleResponse: Display: Failed to find resolution value strings in scalability ini. Falling back to default.
LogInit: Display: Running engine for game: MP_2
LogPlatformFile: Not using cached read wrapper
LogTaskGraph: Started task graph with 5 named threads and 71 total threads with 3 sets of task threads.
LogStats: Stats thread started at 0.162955
LogICUInternationalization: ICU TimeZone Detection - Raw Offset: -6:00, Platform Override: ''
LogInit: Display: Loading text-based GConfig....
LogPluginManager: Mounting plugin MeshPainting
LogPluginManager: Mounting plugin XGEController
LogPluginManager: Mounting plugin EnvironmentQueryEditor
LogPluginManager: Mounting plugin AISupport
LogPluginManager: Mounting plugin Paper2D
LogPluginManager: Mounting plugin LightPropagationVolume
LogPluginManager: Mounting plugin CameraShakePreviewer
LogPluginManager: Mounting plugin LiveLink
LogPluginManager: Mounting plugin GameplayCameras
LogPluginManager: Mounting plugin OodleData
LogPluginManager: Mounting plugin OodleNetwork
LogPluginManager: Mounting plugin Niagara
LogPluginManager: Mounting plugin DatasmithContent
LogPluginManager: Mounting plugin VariantManagerContent
LogPluginManager: Mounting plugin AlembicImporter
LogPluginManager: Mounting plugin BackChannel
LogPluginManager: Mounting plugin AutomationUtils
LogPluginManager: Mounting plugin ChaosCloth
LogPluginManager: Mounting plugin ChaosEditor
LogPluginManager: Mounting plugin AssetManagerEditor
LogPluginManager: Mounting plugin GeometryCollectionPlugin
LogPluginManager: Mounting plugin GeometryCache
LogPluginManager: Mounting plugin CryptoKeys
LogPluginManager: Mounting plugin CurveEditorTools
LogPluginManager: Mounting plugin EditorScriptingUtilities
LogPluginManager: Mounting plugin DataValidation
LogPluginManager: Mounting plugin ChaosNiagara
LogPluginManager: Mounting plugin FacialAnimation
LogPluginManager: Mounting plugin CharacterAI
LogPluginManager: Mounting plugin MacGraphicsSwitching
LogPluginManager: Mounting plugin MaterialAnalyzer
LogPluginManager: Mounting plugin GameplayTagsEditor
LogPluginManager: Mounting plugin GeometryMode
LogPluginManager: Mounting plugin MobileLauncherProfileWizard
LogPluginManager: Mounting plugin PluginBrowser
LogPluginManager: Mounting plugin SpeedTreeImporter
LogPluginManager: Mounting plugin StylusInput
LogPluginManager: Mounting plugin GeometryProcessing
LogPluginManager: Mounting plugin ChaosSolverPlugin
LogPluginManager: Mounting plugin TcpMessaging
LogPluginManager: Mounting plugin ChaosClothEditor
LogPluginManager: Mounting plugin UdpMessaging
LogPluginManager: Mounting plugin ModelingToolsEditorMode
LogPluginManager: Mounting plugin MeshModelingToolset
LogPluginManager: Mounting plugin MotoSynth
LogPluginManager: Mounting plugin OpenImageDenoise
LogPluginManager: Mounting plugin PlanarCut
LogPluginManager: Mounting plugin PlatformCrypto
LogPluginManager: Mounting plugin ProxyLODPlugin
LogPluginManager: Mounting plugin PythonScriptPlugin
LogPluginManager: Mounting plugin SkeletalReduction
LogPluginManager: Mounting plugin LuminPlatformFeatures
LogPluginManager: Mounting plugin MagicLeapMedia
LogPluginManager: Mounting plugin MagicLeap
LogPluginManager: Mounting plugin MagicLeapLightEstimation
LogPluginManager: Mounting plugin AndroidMedia
LogPluginManager: Mounting plugin MagicLeapPassableWorld
LogPluginManager: Mounting plugin AvfMedia
LogPluginManager: Mounting plugin MLSDK
LogPluginManager: Mounting plugin ImgMedia
LogPluginManager: Mounting plugin MediaCompositing
LogPluginManager: Mounting plugin MediaPlayerEditor
LogPluginManager: Mounting plugin WebMMedia
LogPluginManager: Mounting plugin WmfMedia
LogPluginManager: Mounting plugin OnlineSubsystem
LogPluginManager: Mounting plugin OnlineSubsystemNull
LogPluginManager: Mounting plugin ActorSequence
LogPluginManager: Mounting plugin OnlineSubsystemUtils
LogPluginManager: Mounting plugin MatineeToLevelSequence
LogPluginManager: Mounting plugin LevelSequenceEditor
LogPluginManager: Mounting plugin LauncherChunkInstaller
LogPluginManager: Mounting plugin TemplateSequence
LogPluginManager: Mounting plugin ScreenshotTools
LogPluginManager: Mounting plugin ActorLayerUtilities
LogPluginManager: Mounting plugin AndroidDeviceProfileSelector
LogPluginManager: Mounting plugin AndroidMoviePlayer
LogPluginManager: Mounting plugin AppleImageUtils
LogPluginManager: Mounting plugin AppleMoviePlayer
LogPluginManager: Mounting plugin AndroidPermission
LogPluginManager: Mounting plugin ArchVisCharacter
LogPluginManager: Mounting plugin AssetTags
LogPluginManager: Mounting plugin AudioCapture
LogPluginManager: Mounting plugin AudioSynesthesia
LogPluginManager: Mounting plugin ChunkDownloader
LogPluginManager: Mounting plugin CableComponent
LogPluginManager: Mounting plugin CustomMeshComponent
LogPluginManager: Mounting plugin ExampleDeviceProfileSelector
LogPluginManager: Mounting plugin EditableMesh
LogPluginManager: Mounting plugin GoogleCloudMessaging
LogPluginManager: Mounting plugin GooglePAD
LogPluginManager: Mounting plugin Takes
LogPluginManager: Mounting plugin HairStrands
LogPluginManager: Mounting plugin IOSDeviceProfileSelector
LogPluginManager: Mounting plugin LinuxDeviceProfileSelector
LogPluginManager: Mounting plugin LocationServicesBPLibrary
LogPluginManager: Mounting plugin MobilePatchingUtils
LogPluginManager: Mounting plugin OpenXREyeTracker
LogPluginManager: Mounting plugin OpenXR
LogPluginManager: Mounting plugin OpenXRHandTracking
LogPluginManager: Mounting plugin PostSplashScreen
LogPluginManager: Mounting plugin PhysXVehicles
LogPluginManager: Mounting plugin PropertyAccessEditor
LogPluginManager: Mounting plugin ProceduralMeshComponent
LogPluginManager: Mounting plugin SoundFields
LogPluginManager: Mounting plugin RuntimePhysXCooking
LogPluginManager: Mounting plugin SignificanceManager
LogPluginManager: Mounting plugin Synthesis
LogPluginManager: Mounting plugin WebMMoviePlayer
LogPluginManager: Mounting plugin WindowsMoviePlayer
LogPluginManager: Mounting plugin AnimationSharing
LogPluginManager: Mounting plugin CodeLiteSourceCodeAccess
LogPluginManager: Mounting plugin GitSourceControl
LogPluginManager: Mounting plugin KDevelopSourceCodeAccess
LogPluginManager: Mounting plugin CLionSourceCodeAccess
LogPluginManager: Mounting plugin PlasticSourceControl
LogPluginManager: Mounting plugin PixWinPlugin
LogPluginManager: Mounting plugin PropertyAccessNode
LogPluginManager: Mounting plugin RiderSourceCodeAccess
LogPluginManager: Mounting plugin NullSourceCodeAccess
LogPluginManager: Mounting plugin PluginUtils
LogPluginManager: Mounting plugin SubversionSourceControl
LogPluginManager: Mounting plugin PerforceSourceControl
LogPluginManager: Mounting plugin TextureFormatOodle
LogPluginManager: Mounting plugin UObjectPlugin
LogPluginManager: Mounting plugin VisualStudioSourceCodeAccess
LogPluginManager: Mounting plugin XCodeSourceCodeAccess
LogPluginManager: Mounting plugin VisualStudioCodeSourceCodeAccess
LogPluginManager: Mounting plugin ContentBrowserFileDataSource
LogPluginManager: Mounting plugin ContentBrowserAssetDataSource
LogPluginManager: Mounting plugin ContentBrowserClassDataSource
LogPluginManager: Mounting plugin OnlineSubsystemGooglePlay
LogPluginManager: Mounting plugin OnlineSubsystemIOS
LogPluginManager: Mounting plugin OculusVR
LogInit: Using libcurl 7.55.1-DEV
LogInit:  - built for x86_64-pc-win32
LogInit:  - supports SSL with OpenSSL/1.1.1
LogInit:  - supports HTTP deflate (compression) using libz 1.2.8
LogInit:  - other features:
LogInit:      CURL_VERSION_SSL
LogInit:      CURL_VERSION_LIBZ
LogInit:      CURL_VERSION_IPV6
LogInit:      CURL_VERSION_ASYNCHDNS
LogInit:      CURL_VERSION_LARGEFILE
LogInit:      CURL_VERSION_IDN
LogInit:  CurlRequestOptions (configurable via config and command line):
LogInit:  - bVerifyPeer = true  - Libcurl will verify peer certificate
LogInit:  - bUseHttpProxy = false  - Libcurl will NOT use HTTP proxy
LogInit:  - bDontReuseConnections = false  - Libcurl will reuse connections
LogInit:  - MaxHostConnections = 16  - Libcurl will limit the number of connections to a host
LogInit:  - LocalHostAddr = Default
LogInit:  - BufferSize = 65536
LogOnline: OSS: Creating online subsystem instance for: NULL
LogInit: WinSock: version 1.1 (2.2), MaxSocks=32767, MaxUdp=65467
LogOnline: OSS: TryLoadSubsystemAndSetDefault: Loaded subsystem for module [NULL]
PixWinPlugin: PIX capture plugin failed to initialize! Check that the process is launched from PIX.
LogOculusPluginWrapper: OculusPlugin initialized successfully
LogHMD: Failed initializing OVRPlugin 1.59.0
LogInit: Build: ++UE4+Release-4.27-CL-18319896
LogInit: Engine Version: 4.27.2-18319896+++UE4+Release-4.27
LogInit: Compatible Engine Version: 4.27.0-17155196+++UE4+Release-4.27
LogInit: Net CL: 17155196
LogInit: OS: Windows 10 (Release 2009) (), CPU: AMD Ryzen 9 5900X 12-Core Processor            , GPU: Microsoft Remote Display Adapter
LogInit: Compiled (64-bit): Nov 30 2021 07:12:08
LogInit: Compiled with Visual C++: 19.24.28315.00
LogInit: Build Configuration: Development
LogInit: Branch Name: ++UE4+Release-4.27
LogInit: Command Line: 
LogInit: Base Directory: C:/Program Files/Epic Games/UE_4.27/Engine/Binaries/Win64/
LogInit: Allocator: TBB
LogInit: Installed Engine Build: 1
LogDevObjectVersion: Number of dev versions registered: 29
LogDevObjectVersion:   Dev-Blueprints (B0D832E4-1F89-4F0D-ACCF-7EB736FD4AA2): 10
LogDevObjectVersion:   Dev-Build (E1C64328-A22C-4D53-A36C-8E866417BD8C): 0
LogDevObjectVersion:   Dev-Core (375EC13C-06E4-48FB-B500-84F0262A717E): 4
LogDevObjectVersion:   Dev-Editor (E4B068ED-F494-42E9-A231-DA0B2E46BB41): 40
LogDevObjectVersion:   Dev-Framework (CFFC743F-43B0-4480-9391-14DF171D2073): 37
LogDevObjectVersion:   Dev-Mobile (B02B49B5-BB20-44E9-A304-32B752E40360): 3
LogDevObjectVersion:   Dev-Networking (A4E4105C-59A1-49B5-A7C5-40C4547EDFEE): 0
LogDevObjectVersion:   Dev-Online (39C831C9-5AE6-47DC-9A44-9C173E1C8E7C): 0
LogDevObjectVersion:   Dev-Physics (78F01B33-EBEA-4F98-B9B4-84EACCB95AA2): 14
LogDevObjectVersion:   Dev-Platform (6631380F-2D4D-43E0-8009-CF276956A95A): 0
LogDevObjectVersion:   Dev-Rendering (12F88B9F-8875-4AFC-A67C-D90C383ABD29): 45
LogDevObjectVersion:   Dev-Sequencer (7B5AE74C-D270-4C10-A958-57980B212A5A): 13
LogDevObjectVersion:   Dev-VR (D7296918-1DD6-4BDD-9DE2-64A83CC13884): 3
LogDevObjectVersion:   Dev-LoadTimes (C2A15278-BFE7-4AFE-6C17-90FF531DF755): 1
LogDevObjectVersion:   Private-Geometry (6EACA3D4-40EC-4CC1-B786-8BED09428FC5): 3
LogDevObjectVersion:   Dev-AnimPhys (29E575DD-E0A3-4627-9D10-D276232CDCEA): 17
LogDevObjectVersion:   Dev-Anim (AF43A65D-7FD3-4947-9873-3E8ED9C1BB05): 15
LogDevObjectVersion:   Dev-ReflectionCapture (6B266CEC-1EC7-4B8F-A30B-E4D90942FC07): 1
LogDevObjectVersion:   Dev-Automation (0DF73D61-A23F-47EA-B727-89E90C41499A): 1
LogDevObjectVersion:   FortniteMain (601D1886-AC64-4F84-AA16-D3DE0DEAC7D6): 47
LogDevObjectVersion:   FortniteRelease (E7086368-6B23-4C58-8439-1B7016265E91): 1
LogDevObjectVersion:   Dev-Enterprise (9DFFBCD6-494F-0158-E221-12823C92A888): 10
LogDevObjectVersion:   Dev-Niagara (F2AED0AC-9AFE-416F-8664-AA7FFA26D6FC): 1
LogDevObjectVersion:   Dev-Destruction (174F1F0B-B4C6-45A5-B13F-2EE8D0FB917D): 10
LogDevObjectVersion:   Dev-Physics-Ext (35F94A83-E258-406C-A318-09F59610247C): 41
LogDevObjectVersion:   Dev-PhysicsMaterial-Chaos (B68FC16E-8B1B-42E2-B453-215C058844FE): 1
LogDevObjectVersion:   Dev-CineCamera (B2E18506-4273-CFC2-A54E-F4BB758BBA07): 1
LogDevObjectVersion:   Dev-VirtualProduction (64F58936-FD1B-42BA-BA96-7289D5D0FA4E): 1
LogDevObjectVersion:   Dev-MediaFramework (6F0ED827-A609-4895-9C91-998D90180EA4): 2
LogInit: Presizing for max 25165824 objects, including 0 objects not considered by GC, pre-allocating 0 bytes for permanent pool.
LogConfig: Applying CVar settings from Section [/Script/Engine.StreamingSettings] File [C:/Users/dhern/Desktop/498MP2/498MP2/Saved/Config/Windows/Engine.ini]
LogConfig: Setting CVar [[s.MinBulkDataSizeForAsyncLoading:131072]]
LogConfig: Setting CVar [[s.AsyncLoadingThreadEnabled:0]]
LogConfig: Setting CVar [[s.EventDrivenLoaderEnabled:1]]
LogConfig: Setting CVar [[s.WarnIfTimeLimitExceeded:0]]
LogConfig: Setting CVar [[s.TimeLimitExceededMultiplier:1.5]]
LogConfig: Setting CVar [[s.TimeLimitExceededMinTime:0.005]]
LogConfig: Setting CVar [[s.UseBackgroundLevelStreaming:1]]
LogConfig: Setting CVar [[s.PriorityAsyncLoadingExtraTime:15.0]]
LogConfig: Setting CVar [[s.LevelStreamingActorsUpdateTimeLimit:5.0]]
LogConfig: Setting CVar [[s.PriorityLevelStreamingActorsUpdateExtraTime:5.0]]
LogConfig: Setting CVar [[s.LevelStreamingComponentsRegistrationGranularity:10]]
LogConfig: Setting CVar [[s.UnregisterComponentsTimeLimit:1.0]]
LogConfig: Setting CVar [[s.LevelStreamingComponentsUnregistrationGranularity:5]]
LogConfig: Setting CVar [[s.FlushStreamingOnExit:1]]
LogInit: Object subsystem initialized
LogConfig: Setting CVar [[con.DebugEarlyDefault:1]]
LogConfig: Setting CVar [[r.setres:1280x720]]
LogConfig: Setting CVar [[fx.NiagaraAllowRuntimeScalabilityChanges:1]]
[2022.03.14-23.05.41:473][  0]LogConfig: Setting CVar [[r.VSync:0]]
[2022.03.14-23.05.41:473][  0]LogConfig: Setting CVar [[r.RHICmdBypass:0]]
[2022.03.14-23.05.41:473][  0]LogConfig: Applying CVar settings from Section [/Script/Engine.RendererSettings] File [C:/Users/dhern/Desktop/498MP2/498MP2/Saved/Config/Windows/Engine.ini]
[2022.03.14-23.05.41:473][  0]LogConfig: Setting CVar [[r.GPUCrashDebugging:0]]
[2022.03.14-23.05.41:473][  0]LogConfig: Setting CVar [[r.MobileMSAA:4]]
[2022.03.14-23.05.41:473][  0]LogConfig: Setting CVar [[r.Mobile.AmbientOcclusion:1]]
[2022.03.14-23.05.41:473][  0]LogConfig: Setting CVar [[r.GenerateMeshDistanceFields:1]]
[2022.03.14-23.05.41:473][  0]LogConfig: Setting CVar [[r.SSGI.Enable:1]]
[2022.03.14-23.05.41:473][  0]LogConfig: Setting CVar [[r.SupportAtmosphericFog:0]]
[2022.03.14-23.05.41:473][  0]LogConfig: Setting CVar [[r.SupportSkyAtmosphereAffectsHeightFog:1]]
[2022.03.14-23.05.41:473][  0]LogConfig: Applying CVar settings from Section [/Script/Engine.RendererOverrideSettings] File [C:/Users/dhern/Desktop/498MP2/498MP2/Saved/Config/Windows/Engine.ini]
[2022.03.14-23.05.41:473][  0]LogConfig: Applying CVar settings from Section [/Script/Engine.StreamingSettings] File [C:/Users/dhern/Desktop/498MP2/498MP2/Saved/Config/Windows/Engine.ini]
[2022.03.14-23.05.41:473][  0]LogConfig: Setting CVar [[s.MinBulkDataSizeForAsyncLoading:131072]]
[2022.03.14-23.05.41:473][  0]LogConfig: Setting CVar [[s.AsyncLoadingThreadEnabled:0]]
[2022.03.14-23.05.41:473][  0]LogConfig: Setting CVar [[s.EventDrivenLoaderEnabled:1]]
[2022.03.14-23.05.41:473][  0]LogConfig: Setting CVar [[s.WarnIfTimeLimitExceeded:0]]
[2022.03.14-23.05.41:473][  0]LogConfig: Setting CVar [[s.TimeLimitExceededMultiplier:1.5]]
[2022.03.14-23.05.41:473][  0]LogConfig: Setting CVar [[s.TimeLimitExceededMinTime:0.005]]
[2022.03.14-23.05.41:473][  0]LogConfig: Setting CVar [[s.UseBackgroundLevelStreaming:1]]
[2022.03.14-23.05.41:473][  0]LogConfig: Setting CVar [[s.PriorityAsyncLoadingExtraTime:15.0]]
[2022.03.14-23.05.41:473][  0]LogConfig: Setting CVar [[s.LevelStreamingActorsUpdateTimeLimit:5.0]]
[2022.03.14-23.05.41:473][  0]LogConfig: Setting CVar [[s.PriorityLevelStreamingActorsUpdateExtraTime:5.0]]
[2022.03.14-23.05.41:473][  0]LogConfig: Setting CVar [[s.LevelStreamingComponentsRegistrationGranularity:10]]
[2022.03.14-23.05.41:473][  0]LogConfig: Setting CVar [[s.UnregisterComponentsTimeLimit:1.0]]
[2022.03.14-23.05.41:473][  0]LogConfig: Setting CVar [[s.LevelStreamingComponentsUnregistrationGranularity:5]]
[2022.03.14-23.05.41:473][  0]LogConfig: Setting CVar [[s.FlushStreamingOnExit:1]]
[2022.03.14-23.05.41:473][  0]LogConfig: Applying CVar settings from Section [/Script/Engine.GarbageCollectionSettings] File [C:/Users/dhern/Desktop/498MP2/498MP2/Saved/Config/Windows/Engine.ini]
[2022.03.14-23.05.41:473][  0]LogConfig: Setting CVar [[gc.MaxObjectsNotConsideredByGC:1]]
[2022.03.14-23.05.41:473][  0]LogConfig: Setting CVar [[gc.SizeOfPermanentObjectPool:0]]
[2022.03.14-23.05.41:473][  0]LogConfig: Setting CVar [[gc.FlushStreamingOnGC:0]]
[2022.03.14-23.05.41:473][  0]LogConfig: Setting CVar [[gc.NumRetriesBeforeForcingGC:10]]
[2022.03.14-23.05.41:473][  0]LogConfig: Setting CVar [[gc.AllowParallelGC:1]]
[2022.03.14-23.05.41:473][  0]LogConfig: Setting CVar [[gc.TimeBetweenPurgingPendingKillObjects:61.1]]
[2022.03.14-23.05.41:473][  0]LogConfig: Setting CVar [[gc.MaxObjectsInEditor:25165824]]
[2022.03.14-23.05.41:473][  0]LogConfig: Setting CVar [[gc.IncrementalBeginDestroyEnabled:1]]
[2022.03.14-23.05.41:473][  0]LogConfig: Setting CVar [[gc.CreateGCClusters:1]]
[2022.03.14-23.05.41:473][  0]LogConfig: Setting CVar [[gc.MinGCClusterSize:5]]
[2022.03.14-23.05.41:473][  0]LogConfig: Setting CVar [[gc.ActorClusteringEnabled:0]]
[2022.03.14-23.05.41:473][  0]LogConfig: Setting CVar [[gc.BlueprintClusteringEnabled:0]]
[2022.03.14-23.05.41:473][  0]LogConfig: Setting CVar [[gc.UseDisregardForGCOnDedicatedServers:0]]
[2022.03.14-23.05.41:473][  0]LogConfig: Setting CVar [[gc.MultithreadedDestructionEnabled:1]]
[2022.03.14-23.05.41:473][  0]LogConfig: Applying CVar settings from Section [/Script/Engine.NetworkSettings] File [C:/Users/dhern/Desktop/498MP2/498MP2/Saved/Config/Windows/Engine.ini]
[2022.03.14-23.05.41:473][  0]LogConfig: Applying CVar settings from Section [/Script/UnrealEd.CookerSettings] File [C:/Users/dhern/Desktop/498MP2/498MP2/Saved/Config/Windows/Engine.ini]
[2022.03.14-23.05.41:475][  0]LogConfig: Applying CVar settings from Section [ViewDistanceQuality@3] File [C:/Users/dhern/Desktop/498MP2/498MP2/Saved/Config/Windows/Scalability.ini]
[2022.03.14-23.05.41:475][  0]LogConfig: Setting CVar [[r.SkeletalMeshLODBias:0]]
[2022.03.14-23.05.41:475][  0]LogConfig: Setting CVar [[r.ViewDistanceScale:1.0]]
[2022.03.14-23.05.41:475][  0]LogConfig: Applying CVar settings from Section [AntiAliasingQuality@3] File [C:/Users/dhern/Desktop/498MP2/498MP2/Saved/Config/Windows/Scalability.ini]
[2022.03.14-23.05.41:475][  0]LogConfig: Setting CVar [[r.PostProcessAAQuality:4]]
[2022.03.14-23.05.41:475][  0]LogConfig: Applying CVar settings from Section [ShadowQuality@3] File [C:/Users/dhern/Desktop/498MP2/498MP2/Saved/Config/Windows/Scalability.ini]
[2022.03.14-23.05.41:475][  0]LogConfig: Setting CVar [[r.LightFunctionQuality:1]]
[2022.03.14-23.05.41:475][  0]LogConfig: Setting CVar [[r.ShadowQuality:5]]
[2022.03.14-23.05.41:475][  0]LogConfig: Setting CVar [[r.Shadow.CSM.MaxCascades:10]]
[2022.03.14-23.05.41:475][  0]LogConfig: Setting CVar [[r.Shadow.MaxResolution:2048]]
[2022.03.14-23.05.41:475][  0]LogConfig: Setting CVar [[r.Shadow.MaxCSMResolution:2048]]
[2022.03.14-23.05.41:475][  0]LogConfig: Setting CVar [[r.Shadow.RadiusThreshold:0.01]]
[2022.03.14-23.05.41:475][  0]LogConfig: Setting CVar [[r.Shadow.DistanceScale:1.0]]
[2022.03.14-23.05.41:475][  0]LogConfig: Setting CVar [[r.Shadow.CSM.TransitionScale:1.0]]
[2022.03.14-23.05.41:475][  0]LogConfig: Setting CVar [[r.Shadow.PreShadowResolutionFactor:1.0]]
[2022.03.14-23.05.41:475][  0]LogConfig: Setting CVar [[r.DistanceFieldShadowing:1]]
[2022.03.14-23.05.41:475][  0]LogConfig: Setting CVar [[r.DistanceFieldAO:1]]
[2022.03.14-23.05.41:475][  0]LogConfig: Setting CVar [[r.AOQuality:2]]
[2022.03.14-23.05.41:475][  0]LogConfig: Setting CVar [[r.VolumetricFog:1]]
[2022.03.14-23.05.41:475][  0]LogConfig: Setting CVar [[r.VolumetricFog.GridPixelSize:8]]
[2022.03.14-23.05.41:475][  0]LogConfig: Setting CVar [[r.VolumetricFog.GridSizeZ:128]]
[2022.03.14-23.05.41:475][  0]LogConfig: Setting CVar [[r.VolumetricFog.HistoryMissSupersampleCount:4]]
[2022.03.14-23.05.41:475][  0]LogConfig: Setting CVar [[r.LightMaxDrawDistanceScale:1]]
[2022.03.14-23.05.41:475][  0]LogConfig: Setting CVar [[r.CapsuleShadows:1]]
[2022.03.14-23.05.41:475][  0]LogConfig: Applying CVar settings from Section [PostProcessQuality@3] File [C:/Users/dhern/Desktop/498MP2/498MP2/Saved/Config/Windows/Scalability.ini]
[2022.03.14-23.05.41:475][  0]LogConfig: Setting CVar [[r.MotionBlurQuality:4]]
[2022.03.14-23.05.41:475][  0]LogConfig: Setting CVar [[r.AmbientOcclusionMipLevelFactor:0.4]]
[2022.03.14-23.05.41:475][  0]LogConfig: Setting CVar [[r.AmbientOcclusionMaxQuality:100]]
[2022.03.14-23.05.41:475][  0]LogConfig: Setting CVar [[r.AmbientOcclusionLevels:-1]]
[2022.03.14-23.05.41:475][  0]LogConfig: Setting CVar [[r.AmbientOcclusionRadiusScale:1.0]]
[2022.03.14-23.05.41:475][  0]LogConfig: Setting CVar [[r.DepthOfFieldQuality:2]]
[2022.03.14-23.05.41:475][  0]LogConfig: Setting CVar [[r.RenderTargetPoolMin:400]]
[2022.03.14-23.05.41:475][  0]LogConfig: Setting CVar [[r.LensFlareQuality:2]]
[2022.03.14-23.05.41:475][  0]LogConfig: Setting CVar [[r.SceneColorFringeQuality:1]]
[2022.03.14-23.05.41:475][  0]LogConfig: Setting CVar [[r.EyeAdaptationQuality:2]]
[2022.03.14-23.05.41:475][  0]LogConfig: Setting CVar [[r.BloomQuality:5]]
[2022.03.14-23.05.41:475][  0]LogConfig: Setting CVar [[r.FastBlurThreshold:100]]
[2022.03.14-23.05.41:475][  0]LogConfig: Setting CVar [[r.Upscale.Quality:3]]
[2022.03.14-23.05.41:475][  0]LogConfig: Setting CVar [[r.Tonemapper.GrainQuantization:1]]
[2022.03.14-23.05.41:475][  0]LogConfig: Setting CVar [[r.LightShaftQuality:1]]
[2022.03.14-23.05.41:475][  0]LogConfig: Setting CVar [[r.Filter.SizeScale:1]]
[2022.03.14-23.05.41:475][  0]LogConfig: Setting CVar [[r.Tonemapper.Quality:5]]
[2022.03.14-23.05.41:475][  0]LogConfig: Setting CVar [[r.DOF.Gather.AccumulatorQuality:1        ; higher gathering accumulator quality]]
[2022.03.14-23.05.41:475][  0]LogConfig: Setting CVar [[r.DOF.Gather.PostfilterMethod:1          ; Median3x3 postfilering method]]
[2022.03.14-23.05.41:475][  0]LogConfig: Setting CVar [[r.DOF.Gather.EnableBokehSettings:0       ; no bokeh simulation when gathering]]
[2022.03.14-23.05.41:475][  0]LogConfig: Setting CVar [[r.DOF.Gather.RingCount:4                 ; medium number of samples when gathering]]
[2022.03.14-23.05.41:475][  0]LogConfig: Setting CVar [[r.DOF.Scatter.ForegroundCompositing:1    ; additive foreground scattering]]
[2022.03.14-23.05.41:475][  0]LogConfig: Setting CVar [[r.DOF.Scatter.BackgroundCompositing:2    ; additive background scattering]]
[2022.03.14-23.05.41:475][  0]LogConfig: Setting CVar [[r.DOF.Scatter.EnableBokehSettings:1      ; bokeh simulation when scattering]]
[2022.03.14-23.05.41:475][  0]LogConfig: Setting CVar [[r.DOF.Scatter.MaxSpriteRatio:0.1         ; only a maximum of 10% of scattered bokeh]]
[2022.03.14-23.05.41:475][  0]LogConfig: Setting CVar [[r.DOF.Recombine.Quality:1                ; cheap slight out of focus]]
[2022.03.14-23.05.41:475][  0]LogConfig: Setting CVar [[r.DOF.Recombine.EnableBokehSettings:0    ; no bokeh simulation on slight out of focus]]
[2022.03.14-23.05.41:475][  0]LogConfig: Setting CVar [[r.DOF.TemporalAAQuality:1                ; more stable temporal accumulation]]
[2022.03.14-23.05.41:475][  0]LogConfig: Setting CVar [[r.DOF.Kernel.MaxForegroundRadius:0.025]]
[2022.03.14-23.05.41:475][  0]LogConfig: Setting CVar [[r.DOF.Kernel.MaxBackgroundRadius:0.025]]
[2022.03.14-23.05.41:475][  0]LogConfig: Applying CVar settings from Section [TextureQuality@3] File [C:/Users/dhern/Desktop/498MP2/498MP2/Saved/Config/Windows/Scalability.ini]
[2022.03.14-23.05.41:475][  0]LogConfig: Setting CVar [[r.Streaming.MipBias:0]]
[2022.03.14-23.05.41:475][  0]LogConfig: Setting CVar [[r.Streaming.AmortizeCPUToGPUCopy:0]]
[2022.03.14-23.05.41:475][  0]LogConfig: Setting CVar [[r.Streaming.MaxNumTexturesToStreamPerFrame:0]]
[2022.03.14-23.05.41:475][  0]LogConfig: Setting CVar [[r.Streaming.Boost:1]]
[2022.03.14-23.05.41:475][  0]LogConfig: Setting CVar [[r.MaxAnisotropy:8]]
[2022.03.14-23.05.41:475][  0]LogConfig: Setting CVar [[r.VT.MaxAnisotropy:8]]
[2022.03.14-23.05.41:475][  0]LogConfig: Setting CVar [[r.Streaming.LimitPoolSizeToVRAM:0]]
[2022.03.14-23.05.41:475][  0]LogConfig: Setting CVar [[r.Streaming.PoolSize:1000]]
[2022.03.14-23.05.41:475][  0]LogConfig: Setting CVar [[r.Streaming.MaxEffectiveScreenSize:0]]
[2022.03.14-23.05.41:475][  0]LogConfig: Applying CVar settings from Section [EffectsQuality@3] File [C:/Users/dhern/Desktop/498MP2/498MP2/Saved/Config/Windows/Scalability.ini]
[2022.03.14-23.05.41:475][  0]LogConfig: Setting CVar [[r.TranslucencyLightingVolumeDim:64]]
[2022.03.14-23.05.41:475][  0]LogConfig: Setting CVar [[r.RefractionQuality:2]]
[2022.03.14-23.05.41:475][  0]LogConfig: Setting CVar [[r.SSR.Quality:3]]
[2022.03.14-23.05.41:475][  0]LogConfig: Setting CVar [[r.SSR.HalfResSceneColor:0]]
[2022.03.14-23.05.41:475][  0]LogConfig: Setting CVar [[r.SceneColorFormat:4]]
[2022.03.14-23.05.41:475][  0]LogConfig: Setting CVar [[r.DetailMode:2]]
[2022.03.14-23.05.41:475][  0]LogConfig: Setting CVar [[r.TranslucencyVolumeBlur:1]]
[2022.03.14-23.05.41:475][  0]LogConfig: Setting CVar [[r.MaterialQualityLevel:1 ; High quality]]
[2022.03.14-23.05.41:475][  0]LogConfig: Setting CVar [[r.AnisotropicMaterials:1]]
[2022.03.14-23.05.41:475][  0]LogConfig: Setting CVar [[r.SSS.Scale:1]]
[2022.03.14-23.05.41:475][  0]LogConfig: Setting CVar [[r.SSS.SampleSet:2]]
[2022.03.14-23.05.41:475][  0]LogConfig: Setting CVar [[r.SSS.Quality:1]]
[2022.03.14-23.05.41:475][  0]LogConfig: Setting CVar [[r.SSS.HalfRes:0]]
[2022.03.14-23.05.41:475][  0]LogConfig: Setting CVar [[r.SSGI.Quality:3]]
[2022.03.14-23.05.41:475][  0]LogConfig: Setting CVar [[r.EmitterSpawnRateScale:1.0]]
[2022.03.14-23.05.41:475][  0]LogConfig: Setting CVar [[r.ParticleLightQuality:2]]
[2022.03.14-23.05.41:475][  0]LogConfig: Setting CVar [[r.SkyAtmosphere.AerialPerspectiveLUT.FastApplyOnOpaque:1 ; Always have FastSkyLUT 1 in this case to avoid wrong sky]]
[2022.03.14-23.05.41:475][  0]LogConfig: Setting CVar [[r.SkyAtmosphere.AerialPerspectiveLUT.SampleCountMaxPerSlice:4]]
[2022.03.14-23.05.41:475][  0]LogConfig: Setting CVar [[r.SkyAtmosphere.AerialPerspectiveLUT.DepthResolution:16.0]]
[2022.03.14-23.05.41:475][  0]LogConfig: Setting CVar [[r.SkyAtmosphere.FastSkyLUT:1]]
[2022.03.14-23.05.41:475][  0]LogConfig: Setting CVar [[r.SkyAtmosphere.FastSkyLUT.SampleCountMin:4.0]]
[2022.03.14-23.05.41:475][  0]LogConfig: Setting CVar [[r.SkyAtmosphere.FastSkyLUT.SampleCountMax:128.0]]
[2022.03.14-23.05.41:475][  0]LogConfig: Setting CVar [[r.SkyAtmosphere.SampleCountMin:4.0]]
[2022.03.14-23.05.41:475][  0]LogConfig: Setting CVar [[r.SkyAtmosphere.SampleCountMax:128.0]]
[2022.03.14-23.05.41:475][  0]LogConfig: Setting CVar [[r.SkyAtmosphere.TransmittanceLUT.UseSmallFormat:0]]
[2022.03.14-23.05.41:475][  0]LogConfig: Setting CVar [[r.SkyAtmosphere.TransmittanceLUT.SampleCount:10.0]]
[2022.03.14-23.05.41:475][  0]LogConfig: Setting CVar [[r.SkyAtmosphere.MultiScatteringLUT.SampleCount:15.0]]
[2022.03.14-23.05.41:475][  0]LogConfig: Setting CVar [[r.SkyLight.RealTimeReflectionCapture:1]]
[2022.03.14-23.05.41:475][  0]LogConfig: Setting CVar [[fx.Niagara.QualityLevel:3]]
[2022.03.14-23.05.41:475][  0]LogConfig: Applying CVar settings from Section [FoliageQuality@3] File [C:/Users/dhern/Desktop/498MP2/498MP2/Saved/Config/Windows/Scalability.ini]
[2022.03.14-23.05.41:475][  0]LogConfig: Setting CVar [[foliage.DensityScale:1.0]]
[2022.03.14-23.05.41:475][  0]LogConfig: Setting CVar [[grass.DensityScale:1.0]]
[2022.03.14-23.05.41:475][  0]LogConfig: Applying CVar settings from Section [ShadingQuality@3] File [C:/Users/dhern/Desktop/498MP2/498MP2/Saved/Config/Windows/Scalability.ini]
[2022.03.14-23.05.41:475][  0]LogConfig: Setting CVar [[r.HairStrands.SkyLighting.IntegrationType:2]]
[2022.03.14-23.05.41:475][  0]LogConfig: Setting CVar [[r.HairStrands.SkyAO.SampleCount:4]]
[2022.03.14-23.05.41:475][  0]LogConfig: Setting CVar [[r.HairStrands.Visibility.MSAA.SamplePerPixel:4]]
[2022.03.14-23.05.41:475][  0]LogConfig: Setting CVar [[r.HairStrands.Interpolation.UseSingleGuide:0]]
[2022.03.14-23.05.41:475][  0]LogInit: Selected Device Profile: [Windows]
[2022.03.14-23.05.41:475][  0]LogInit: Applying CVar settings loaded from the selected device profile: [Windows]
[2022.03.14-23.05.41:475][  0]LogHAL: Display: Platform has ~ 32 GB [34269810688 / 34359738368 / 32], which maps to Largest [LargestMinGB=32, LargerMinGB=12, DefaultMinGB=8, SmallerMinGB=6, SmallestMinGB=0)
[2022.03.14-23.05.41:476][  0]LogInit: Going up to parent DeviceProfile []
[2022.03.14-23.05.41:476][  0]LogConfig: Applying CVar settings from Section [ViewDistanceQuality@3] File [C:/Users/dhern/Desktop/498MP2/498MP2/Saved/Config/Windows/Scalability.ini]
[2022.03.14-23.05.41:476][  0]LogConfig: Setting CVar [[r.SkeletalMeshLODBias:0]]
[2022.03.14-23.05.41:476][  0]LogConfig: Setting CVar [[r.ViewDistanceScale:1.0]]
[2022.03.14-23.05.41:476][  0]LogConfig: Applying CVar settings from Section [AntiAliasingQuality@3] File [C:/Users/dhern/Desktop/498MP2/498MP2/Saved/Config/Windows/Scalability.ini]
[2022.03.14-23.05.41:476][  0]LogConfig: Setting CVar [[r.PostProcessAAQuality:4]]
[2022.03.14-23.05.41:476][  0]LogConfig: Applying CVar settings from Section [ShadowQuality@3] File [C:/Users/dhern/Desktop/498MP2/498MP2/Saved/Config/Windows/Scalability.ini]
[2022.03.14-23.05.41:476][  0]LogConfig: Setting CVar [[r.LightFunctionQuality:1]]
[2022.03.14-23.05.41:476][  0]LogConfig: Setting CVar [[r.ShadowQuality:5]]
[2022.03.14-23.05.41:476][  0]LogConfig: Setting CVar [[r.Shadow.CSM.MaxCascades:10]]
[2022.03.14-23.05.41:476][  0]LogConfig: Setting CVar [[r.Shadow.MaxResolution:2048]]
[2022.03.14-23.05.41:476][  0]LogConfig: Setting CVar [[r.Shadow.MaxCSMResolution:2048]]
[2022.03.14-23.05.41:476][  0]LogConfig: Setting CVar [[r.Shadow.RadiusThreshold:0.01]]
[2022.03.14-23.05.41:476][  0]LogConfig: Setting CVar [[r.Shadow.DistanceScale:1.0]]
[2022.03.14-23.05.41:476][  0]LogConfig: Setting CVar [[r.Shadow.CSM.TransitionScale:1.0]]
[2022.03.14-23.05.41:476][  0]LogConfig: Setting CVar [[r.Shadow.PreShadowResolutionFactor:1.0]]
[2022.03.14-23.05.41:476][  0]LogConfig: Setting CVar [[r.DistanceFieldShadowing:1]]
[2022.03.14-23.05.41:476][  0]LogConfig: Setting CVar [[r.DistanceFieldAO:1]]
[2022.03.14-23.05.41:476][  0]LogConfig: Setting CVar [[r.AOQuality:2]]
[2022.03.14-23.05.41:476][  0]LogConfig: Setting CVar [[r.VolumetricFog:1]]
[2022.03.14-23.05.41:476][  0]LogConfig: Setting CVar [[r.VolumetricFog.GridPixelSize:8]]
[2022.03.14-23.05.41:476][  0]LogConfig: Setting CVar [[r.VolumetricFog.GridSizeZ:128]]
[2022.03.14-23.05.41:476][  0]LogConfig: Setting CVar [[r.VolumetricFog.HistoryMissSupersampleCount:4]]
[2022.03.14-23.05.41:476][  0]LogConfig: Setting CVar [[r.LightMaxDrawDistanceScale:1]]
[2022.03.14-23.05.41:476][  0]LogConfig: Setting CVar [[r.CapsuleShadows:1]]
[2022.03.14-23.05.41:476][  0]LogConfig: Applying CVar settings from Section [PostProcessQuality@3] File [C:/Users/dhern/Desktop/498MP2/498MP2/Saved/Config/Windows/Scalability.ini]
[2022.03.14-23.05.41:476][  0]LogConfig: Setting CVar [[r.MotionBlurQuality:4]]
[2022.03.14-23.05.41:476][  0]LogConfig: Setting CVar [[r.AmbientOcclusionMipLevelFactor:0.4]]
[2022.03.14-23.05.41:476][  0]LogConfig: Setting CVar [[r.AmbientOcclusionMaxQuality:100]]
[2022.03.14-23.05.41:476][  0]LogConfig: Setting CVar [[r.AmbientOcclusionLevels:-1]]
[2022.03.14-23.05.41:476][  0]LogConfig: Setting CVar [[r.AmbientOcclusionRadiusScale:1.0]]
[2022.03.14-23.05.41:476][  0]LogConfig: Setting CVar [[r.DepthOfFieldQuality:2]]
[2022.03.14-23.05.41:476][  0]LogConfig: Setting CVar [[r.RenderTargetPoolMin:400]]
[2022.03.14-23.05.41:476][  0]LogConfig: Setting CVar [[r.LensFlareQuality:2]]
[2022.03.14-23.05.41:476][  0]LogConfig: Setting CVar [[r.SceneColorFringeQuality:1]]
[2022.03.14-23.05.41:476][  0]LogConfig: Setting CVar [[r.EyeAdaptationQuality:2]]
[2022.03.14-23.05.41:476][  0]LogConfig: Setting CVar [[r.BloomQuality:5]]
[2022.03.14-23.05.41:476][  0]LogConfig: Setting CVar [[r.FastBlurThreshold:100]]
[2022.03.14-23.05.41:476][  0]LogConfig: Setting CVar [[r.Upscale.Quality:3]]
[2022.03.14-23.05.41:476][  0]LogConfig: Setting CVar [[r.Tonemapper.GrainQuantization:1]]
[2022.03.14-23.05.41:476][  0]LogConfig: Setting CVar [[r.LightShaftQuality:1]]
[2022.03.14-23.05.41:476][  0]LogConfig: Setting CVar [[r.Filter.SizeScale:1]]
[2022.03.14-23.05.41:476][  0]LogConfig: Setting CVar [[r.Tonemapper.Quality:5]]
[2022.03.14-23.05.41:476][  0]LogConfig: Setting CVar [[r.DOF.Gather.AccumulatorQuality:1        ; higher gathering accumulator quality]]
[2022.03.14-23.05.41:476][  0]LogConfig: Setting CVar [[r.DOF.Gather.PostfilterMethod:1          ; Median3x3 postfilering method]]
[2022.03.14-23.05.41:476][  0]LogConfig: Setting CVar [[r.DOF.Gather.EnableBokehSettings:0       ; no bokeh simulation when gathering]]
[2022.03.14-23.05.41:476][  0]LogConfig: Setting CVar [[r.DOF.Gather.RingCount:4                 ; medium number of samples when gathering]]
[2022.03.14-23.05.41:476][  0]LogConfig: Setting CVar [[r.DOF.Scatter.ForegroundCompositing:1    ; additive foreground scattering]]
[2022.03.14-23.05.41:476][  0]LogConfig: Setting CVar [[r.DOF.Scatter.BackgroundCompositing:2    ; additive background scattering]]
[2022.03.14-23.05.41:476][  0]LogConfig: Setting CVar [[r.DOF.Scatter.EnableBokehSettings:1      ; bokeh simulation when scattering]]
[2022.03.14-23.05.41:476][  0]LogConfig: Setting CVar [[r.DOF.Scatter.MaxSpriteRatio:0.1         ; only a maximum of 10% of scattered bokeh]]
[2022.03.14-23.05.41:476][  0]LogConfig: Setting CVar [[r.DOF.Recombine.Quality:1                ; cheap slight out of focus]]
[2022.03.14-23.05.41:476][  0]LogConfig: Setting CVar [[r.DOF.Recombine.EnableBokehSettings:0    ; no bokeh simulation on slight out of focus]]
[2022.03.14-23.05.41:476][  0]LogConfig: Setting CVar [[r.DOF.TemporalAAQuality:1                ; more stable temporal accumulation]]
[2022.03.14-23.05.41:476][  0]LogConfig: Setting CVar [[r.DOF.Kernel.MaxForegroundRadius:0.025]]
[2022.03.14-23.05.41:476][  0]LogConfig: Setting CVar [[r.DOF.Kernel.MaxBackgroundRadius:0.025]]
[2022.03.14-23.05.41:476][  0]LogConfig: Applying CVar settings from Section [TextureQuality@3] File [C:/Users/dhern/Desktop/498MP2/498MP2/Saved/Config/Windows/Scalability.ini]
[2022.03.14-23.05.41:476][  0]LogConfig: Setting CVar [[r.Streaming.MipBias:0]]
[2022.03.14-23.05.41:476][  0]LogConfig: Setting CVar [[r.Streaming.AmortizeCPUToGPUCopy:0]]
[2022.03.14-23.05.41:476][  0]LogConfig: Setting CVar [[r.Streaming.MaxNumTexturesToStreamPerFrame:0]]
[2022.03.14-23.05.41:476][  0]LogConfig: Setting CVar [[r.Streaming.Boost:1]]
[2022.03.14-23.05.41:476][  0]LogConfig: Setting CVar [[r.MaxAnisotropy:8]]
[2022.03.14-23.05.41:476][  0]LogConfig: Setting CVar [[r.VT.MaxAnisotropy:8]]
[2022.03.14-23.05.41:476][  0]LogConfig: Setting CVar [[r.Streaming.LimitPoolSizeToVRAM:0]]
[2022.03.14-23.05.41:476][  0]LogConfig: Setting CVar [[r.Streaming.PoolSize:1000]]
[2022.03.14-23.05.41:476][  0]LogConfig: Setting CVar [[r.Streaming.MaxEffectiveScreenSize:0]]
[2022.03.14-23.05.41:476][  0]LogConfig: Applying CVar settings from Section [EffectsQuality@3] File [C:/Users/dhern/Desktop/498MP2/498MP2/Saved/Config/Windows/Scalability.ini]
[2022.03.14-23.05.41:476][  0]LogConfig: Setting CVar [[r.TranslucencyLightingVolumeDim:64]]
[2022.03.14-23.05.41:476][  0]LogConfig: Setting CVar [[r.RefractionQuality:2]]
[2022.03.14-23.05.41:476][  0]LogConfig: Setting CVar [[r.SSR.Quality:3]]
[2022.03.14-23.05.41:476][  0]LogConfig: Setting CVar [[r.SSR.HalfResSceneColor:0]]
[2022.03.14-23.05.41:476][  0]LogConfig: Setting CVar [[r.SceneColorFormat:4]]
[2022.03.14-23.05.41:476][  0]LogConfig: Setting CVar [[r.DetailMode:2]]
[2022.03.14-23.05.41:476][  0]LogConfig: Setting CVar [[r.TranslucencyVolumeBlur:1]]
[2022.03.14-23.05.41:476][  0]LogConfig: Setting CVar [[r.MaterialQualityLevel:1 ; High quality]]
[2022.03.14-23.05.41:476][  0]LogConfig: Setting CVar [[r.AnisotropicMaterials:1]]
[2022.03.14-23.05.41:476][  0]LogConfig: Setting CVar [[r.SSS.Scale:1]]
[2022.03.14-23.05.41:476][  0]LogConfig: Setting CVar [[r.SSS.SampleSet:2]]
[2022.03.14-23.05.41:476][  0]LogConfig: Setting CVar [[r.SSS.Quality:1]]
[2022.03.14-23.05.41:476][  0]LogConfig: Setting CVar [[r.SSS.HalfRes:0]]
[2022.03.14-23.05.41:476][  0]LogConfig: Setting CVar [[r.SSGI.Quality:3]]
[2022.03.14-23.05.41:476][  0]LogConfig: Setting CVar [[r.EmitterSpawnRateScale:1.0]]
[2022.03.14-23.05.41:476][  0]LogConfig: Setting CVar [[r.ParticleLightQuality:2]]
[2022.03.14-23.05.41:476][  0]LogConfig: Setting CVar [[r.SkyAtmosphere.AerialPerspectiveLUT.FastApplyOnOpaque:1 ; Always have FastSkyLUT 1 in this case to avoid wrong sky]]
[2022.03.14-23.05.41:476][  0]LogConfig: Setting CVar [[r.SkyAtmosphere.AerialPerspectiveLUT.SampleCountMaxPerSlice:4]]
[2022.03.14-23.05.41:476][  0]LogConfig: Setting CVar [[r.SkyAtmosphere.AerialPerspectiveLUT.DepthResolution:16.0]]
[2022.03.14-23.05.41:476][  0]LogConfig: Setting CVar [[r.SkyAtmosphere.FastSkyLUT:1]]
[2022.03.14-23.05.41:476][  0]LogConfig: Setting CVar [[r.SkyAtmosphere.FastSkyLUT.SampleCountMin:4.0]]
[2022.03.14-23.05.41:476][  0]LogConfig: Setting CVar [[r.SkyAtmosphere.FastSkyLUT.SampleCountMax:128.0]]
[2022.03.14-23.05.41:476][  0]LogConfig: Setting CVar [[r.SkyAtmosphere.SampleCountMin:4.0]]
[2022.03.14-23.05.41:476][  0]LogConfig: Setting CVar [[r.SkyAtmosphere.SampleCountMax:128.0]]
[2022.03.14-23.05.41:476][  0]LogConfig: Setting CVar [[r.SkyAtmosphere.TransmittanceLUT.UseSmallFormat:0]]
[2022.03.14-23.05.41:476][  0]LogConfig: Setting CVar [[r.SkyAtmosphere.TransmittanceLUT.SampleCount:10.0]]
[2022.03.14-23.05.41:476][  0]LogConfig: Setting CVar [[r.SkyAtmosphere.MultiScatteringLUT.SampleCount:15.0]]
[2022.03.14-23.05.41:476][  0]LogConfig: Setting CVar [[r.SkyLight.RealTimeReflectionCapture:1]]
[2022.03.14-23.05.41:476][  0]LogConfig: Setting CVar [[fx.Niagara.QualityLevel:3]]
[2022.03.14-23.05.41:476][  0]LogConfig: Applying CVar settings from Section [FoliageQuality@3] File [C:/Users/dhern/Desktop/498MP2/498MP2/Saved/Config/Windows/Scalability.ini]
[2022.03.14-23.05.41:476][  0]LogConfig: Setting CVar [[foliage.DensityScale:1.0]]
[2022.03.14-23.05.41:476][  0]LogConfig: Setting CVar [[grass.DensityScale:1.0]]
[2022.03.14-23.05.41:476][  0]LogConfig: Applying CVar settings from Section [ShadingQuality@3] File [C:/Users/dhern/Desktop/498MP2/498MP2/Saved/Config/Windows/Scalability.ini]
[2022.03.14-23.05.41:476][  0]LogConfig: Setting CVar [[r.HairStrands.SkyLighting.IntegrationType:2]]
[2022.03.14-23.05.41:476][  0]LogConfig: Setting CVar [[r.HairStrands.SkyAO.SampleCount:4]]
[2022.03.14-23.05.41:476][  0]LogConfig: Setting CVar [[r.HairStrands.Visibility.MSAA.SamplePerPixel:4]]
[2022.03.14-23.05.41:476][  0]LogConfig: Setting CVar [[r.HairStrands.Interpolation.UseSingleGuide:0]]
[2022.03.14-23.05.41:476][  0]LogConfig: Applying CVar settings from Section [Startup] File [../../../Engine/Config/ConsoleVariables.ini]
[2022.03.14-23.05.41:476][  0]LogConfig: Setting CVar [[net.UseAdaptiveNetUpdateFrequency:0]]
[2022.03.14-23.05.41:476][  0]LogConfig: Setting CVar [[p.chaos.AllowCreatePhysxBodies:1]]
[2022.03.14-23.05.41:476][  0]LogConfig: Setting CVar [[fx.SkipVectorVMBackendOptimizations:1]]
[2022.03.14-23.05.41:476][  0]LogConfig: Applying CVar settings from Section [ConsoleVariables] File [C:/Users/dhern/Desktop/498MP2/498MP2/Saved/Config/Windows/Engine.ini]
[2022.03.14-23.05.41:476][  0]LogConfig: Applying CVar settings from Section [ConsoleVariables] File [C:/Users/dhern/Desktop/498MP2/498MP2/Saved/Config/Windows/Editor.ini]
[2022.03.14-23.05.41:476][  0]LogInit: Computer: DESKTOP-R31L68S
[2022.03.14-23.05.41:477][  0]LogInit: User: dhern
[2022.03.14-23.05.41:477][  0]LogInit: CPU Page size=4096, Cores=12
[2022.03.14-23.05.41:477][  0]LogInit: High frequency timer resolution =10.000000 MHz
[2022.03.14-23.05.41:477][  0]LogMemory: Memory total: Physical=31.9GB (32GB approx)
[2022.03.14-23.05.41:477][  0]LogMemory: Platform Memory Stats for Windows
[2022.03.14-23.05.41:477][  0]LogMemory: Process Physical Memory: 154.86 MB used, 154.86 MB peak
[2022.03.14-23.05.41:477][  0]LogMemory: Process Virtual Memory: 134.59 MB used, 134.59 MB peak
[2022.03.14-23.05.41:477][  0]LogMemory: Physical Memory: 6643.36 MB used,  26038.88 MB free, 32682.24 MB total
[2022.03.14-23.05.41:477][  0]LogMemory: Virtual Memory: 134189472.00 MB used,  28258.67 MB free, 134217728.00 MB total
[2022.03.14-23.05.41:656][  0]LogWindows: WindowsPlatformFeatures enabled
[2022.03.14-23.05.41:683][  0]LogInit: Physics initialised using underlying interface: PhysX
[2022.03.14-23.05.41:684][  0]LogInit: Using OS detected language (en-US).
[2022.03.14-23.05.41:684][  0]LogInit: Using OS detected locale (en-US).
[2022.03.14-23.05.41:686][  0]LogTextLocalizationManager: No specific localization for 'en-US' exists, so the 'en' localization will be used.
[2022.03.14-23.05.41:800][  0]LogInit: Setting process to per monitor DPI aware
[2022.03.14-23.05.41:810][  0]LogWindowsTextInputMethodSystem: Display: IME system deactivated.
[2022.03.14-23.05.41:820][  0]LogSlate: New Slate User Created.  User Index 0, Is Virtual User: 0
[2022.03.14-23.05.41:820][  0]LogSlate: Slate User Registered.  User Index 0, Is Virtual User: 0
[2022.03.14-23.05.41:909][  0]LogD3D11RHI: Loaded GFSDK_Aftermath_Lib.x64.dll
[2022.03.14-23.05.41:911][  0]LogHMD: Failed to enumerate extensions. Please check that you have a valid OpenXR runtime installed.
[2022.03.14-23.05.41:911][  0]LogD3D11RHI: D3D11 min allowed feature level: 11_0
[2022.03.14-23.05.41:911][  0]LogD3D11RHI: D3D11 max allowed feature level: 11_0
[2022.03.14-23.05.41:911][  0]LogD3D11RHI: D3D11 adapters:
[2022.03.14-23.05.41:993][  0]LogD3D11RHI:    0. 'NVIDIA GeForce RTX 3080' (Feature Level 11_0)
[2022.03.14-23.05.41:993][  0]LogD3D11RHI:       10078/0/16341 MB DedicatedVideo/DedicatedSystem/SharedSystem, Outputs:1, VendorId:0x10de
[2022.03.14-23.05.41:994][  0]LogD3D11RHI:    1. 'Microsoft Basic Render Driver' (Feature Level 11_0)
[2022.03.14-23.05.41:995][  0]LogD3D11RHI:       0/0/16341 MB DedicatedVideo/DedicatedSystem/SharedSystem, Outputs:0, VendorId:0x1414
[2022.03.14-23.05.42:059][  0]LogD3D11RHI:    2. 'NVIDIA GeForce RTX 3080' (Feature Level 11_0)
[2022.03.14-23.05.42:059][  0]LogD3D11RHI:       10078/0/16341 MB DedicatedVideo/DedicatedSystem/SharedSystem, Outputs:0, VendorId:0x10de
[2022.03.14-23.05.42:059][  0]LogD3D11RHI: Chosen D3D11 Adapter:
[2022.03.14-23.05.42:059][  0]LogD3D11RHI:     Description : NVIDIA GeForce RTX 3080
[2022.03.14-23.05.42:059][  0]LogD3D11RHI:     VendorId    : 10de
[2022.03.14-23.05.42:059][  0]LogD3D11RHI:     DeviceId    : 2206
[2022.03.14-23.05.42:059][  0]LogD3D11RHI:     SubSysId    : 146710de
[2022.03.14-23.05.42:059][  0]LogD3D11RHI:     Revision    : 00a1
[2022.03.14-23.05.42:059][  0]LogD3D11RHI:     DedicatedVideoMemory : 10567548928 bytes
[2022.03.14-23.05.42:059][  0]LogD3D11RHI:     DedicatedSystemMemory : 0 bytes
[2022.03.14-23.05.42:059][  0]LogD3D11RHI:     SharedSystemMemory : 17134905344 bytes
[2022.03.14-23.05.42:059][  0]LogD3D11RHI:     AdapterLuid : 0 62470
[2022.03.14-23.05.42:065][  0]LogD3D11RHI: Creating new Direct3DDevice
[2022.03.14-23.05.42:065][  0]LogD3D11RHI:     GPU DeviceId: 0x2206 (for the marketing name, search the web for "GPU Device Id")
[2022.03.14-23.05.42:065][  0]LogWindows: EnumDisplayDevices:
[2022.03.14-23.05.42:065][  0]LogWindows:    0. 'Microsoft Remote Display Adapter' (P:1 D:1)
[2022.03.14-23.05.42:065][  0]LogWindows:    1. 'Microsoft Remote Display Adapter' (P:0 D:0)
[2022.03.14-23.05.42:065][  0]LogWindows:    2. 'Microsoft Remote Display Adapter' (P:0 D:0)
[2022.03.14-23.05.42:065][  0]LogWindows:    3. 'Microsoft Remote Display Adapter' (P:0 D:0)
[2022.03.14-23.05.42:065][  0]LogWindows:    4. 'Microsoft Remote Display Adapter' (P:0 D:0)
[2022.03.14-23.05.42:065][  0]LogWindows:    5. 'Microsoft Remote Display Adapter' (P:0 D:0)
[2022.03.14-23.05.42:065][  0]LogWindows:    6. 'Microsoft Remote Display Adapter' (P:0 D:0)
[2022.03.14-23.05.42:065][  0]LogWindows:    7. 'Microsoft Remote Display Adapter' (P:0 D:0)
[2022.03.14-23.05.42:065][  0]LogWindows:    8. 'Microsoft Remote Display Adapter' (P:0 D:0)
[2022.03.14-23.05.42:065][  0]LogWindows:    9. 'Microsoft Remote Display Adapter' (P:0 D:0)
[2022.03.14-23.05.42:065][  0]LogWindows:    10. 'Microsoft Remote Display Adapter' (P:0 D:0)
[2022.03.14-23.05.42:065][  0]LogWindows:    11. 'Microsoft Remote Display Adapter' (P:0 D:0)
[2022.03.14-23.05.42:066][  0]LogWindows:    12. 'Microsoft Remote Display Adapter' (P:0 D:0)
[2022.03.14-23.05.42:066][  0]LogWindows:    13. 'Microsoft Remote Display Adapter' (P:0 D:0)
[2022.03.14-23.05.42:066][  0]LogWindows:    14. 'Microsoft Remote Display Adapter' (P:0 D:0)
[2022.03.14-23.05.42:066][  0]LogWindows:    15. 'Microsoft Remote Display Adapter' (P:0 D:0)
[2022.03.14-23.05.42:066][  0]LogWindows: DebugString: PrimaryDriverLocationFailed PrimaryDriverLocationFailed PrimaryDriverLocationFailed PrimaryDriverLocationFailed PrimaryDriverLocationFailed PrimaryDriverLocationFailed PrimaryDriverLocationFailed PrimaryDriverLocationFailed PrimaryDriverLocationFailed PrimaryDriverLocationFailed PrimaryDriverLocationFailed PrimaryDriverLocationFailed PrimaryDriverLocationFailed PrimaryDriverLocationFailed PrimaryDriverLocationFailed PrimaryDriverLocationFailed FoundDriverCount:0 
[2022.03.14-23.05.42:066][  0]LogD3D11RHI:     Adapter Name: NVIDIA GeForce RTX 3080
[2022.03.14-23.05.42:066][  0]LogD3D11RHI:   Driver Version: Unknown (internal:Unknown, unified:Unknown)
[2022.03.14-23.05.42:066][  0]LogD3D11RHI:      Driver Date: Unknown
[2022.03.14-23.05.42:066][  0]LogRHI: Texture pool is 7054 MB (70% of 10078 MB)
[2022.03.14-23.05.42:066][  0]LogD3D11RHI: Creating D3DDevice using adapter:
[2022.03.14-23.05.42:066][  0]LogD3D11RHI:     Description : NVIDIA GeForce RTX 3080
[2022.03.14-23.05.42:066][  0]LogD3D11RHI:     VendorId    : 10de
[2022.03.14-23.05.42:066][  0]LogD3D11RHI:     DeviceId    : 2206
[2022.03.14-23.05.42:066][  0]LogD3D11RHI:     SubSysId    : 146710de
[2022.03.14-23.05.42:066][  0]LogD3D11RHI:     Revision    : 00a1
[2022.03.14-23.05.42:066][  0]LogD3D11RHI:     DedicatedVideoMemory : 10567548928 bytes
[2022.03.14-23.05.42:066][  0]LogD3D11RHI:     DedicatedSystemMemory : 0 bytes
[2022.03.14-23.05.42:066][  0]LogD3D11RHI:     SharedSystemMemory : 17134905344 bytes
[2022.03.14-23.05.42:066][  0]LogD3D11RHI:     AdapterLuid : 0 62470
[2022.03.14-23.05.42:120][  0]LogD3D11RHI: RHI has support for 64 bit atomics
[2022.03.14-23.05.42:120][  0]LogD3D11RHI: Async texture creation enabled
[2022.03.14-23.05.42:120][  0]LogD3D11RHI: Array index from any shader is supported
[2022.03.14-23.05.42:139][  0]LogD3D11RHI: GPU Timing Frequency: 1000.000000 (Debug: 2 1)
[2022.03.14-23.05.42:157][  0]LogRHI: GeForceNow SDK initialized: 1
[2022.03.14-23.05.42:338][  0]LogTargetPlatformManager: Display: Loaded TargetPlatform 'AllDesktop'
[2022.03.14-23.05.42:354][  0]LogTargetPlatformManager: Display: Loaded TargetPlatform 'Android'
[2022.03.14-23.05.42:354][  0]LogTargetPlatformManager: Display: Loaded TargetPlatform 'Android_ASTC'
[2022.03.14-23.05.42:354][  0]LogTargetPlatformManager: Display: Loaded TargetPlatform 'Android_DXT'
[2022.03.14-23.05.42:354][  0]LogTargetPlatformManager: Display: Loaded TargetPlatform 'Android_ETC2'
[2022.03.14-23.05.42:354][  0]LogTargetPlatformManager: Display: Loaded TargetPlatform 'AndroidClient'
[2022.03.14-23.05.42:354][  0]LogTargetPlatformManager: Display: Loaded TargetPlatform 'Android_ASTCClient'
[2022.03.14-23.05.42:354][  0]LogTargetPlatformManager: Display: Loaded TargetPlatform 'Android_DXTClient'
[2022.03.14-23.05.42:354][  0]LogTargetPlatformManager: Display: Loaded TargetPlatform 'Android_ETC2Client'
[2022.03.14-23.05.42:354][  0]LogTargetPlatformManager: Display: Loaded TargetPlatform 'Android_Multi'
[2022.03.14-23.05.42:354][  0]LogTargetPlatformManager: Display: Loaded TargetPlatform 'Android_MultiClient'
[2022.03.14-23.05.42:366][  0]LogTargetPlatformManager: Display: Loaded TargetPlatform 'IOSClient'
[2022.03.14-23.05.42:366][  0]LogTargetPlatformManager: Display: Loaded TargetPlatform 'IOS'
[2022.03.14-23.05.42:372][  0]LogTargetPlatformManager: Display: Loaded TargetPlatform 'Linux'
[2022.03.14-23.05.42:375][  0]LogTargetPlatformManager: Display: Loaded TargetPlatform 'LinuxNoEditor'
[2022.03.14-23.05.42:378][  0]LogTargetPlatformManager: Display: Loaded TargetPlatform 'LinuxClient'
[2022.03.14-23.05.42:381][  0]LogTargetPlatformManager: Display: Loaded TargetPlatform 'LinuxServer'
[2022.03.14-23.05.42:387][  0]LogTargetPlatformManager: Display: Loaded TargetPlatform 'LinuxAArch64NoEditor'
[2022.03.14-23.05.42:390][  0]LogTargetPlatformManager: Display: Loaded TargetPlatform 'LinuxAArch64Client'
[2022.03.14-23.05.42:393][  0]LogTargetPlatformManager: Display: Loaded TargetPlatform 'LinuxAArch64Server'
[2022.03.14-23.05.42:410][  0]LogTargetPlatformManager: Display: Loaded TargetPlatform 'Lumin'
[2022.03.14-23.05.42:410][  0]LogTargetPlatformManager: Display: Loaded TargetPlatform 'LuminClient'
[2022.03.14-23.05.42:417][  0]LogTargetPlatformManager: Display: Loaded TargetPlatform 'MacNoEditor'
[2022.03.14-23.05.42:419][  0]LogTargetPlatformManager: Display: Loaded TargetPlatform 'Mac'
[2022.03.14-23.05.42:422][  0]LogTargetPlatformManager: Display: Loaded TargetPlatform 'MacClient'
[2022.03.14-23.05.42:425][  0]LogTargetPlatformManager: Display: Loaded TargetPlatform 'MacServer'
[2022.03.14-23.05.42:432][  0]LogTargetPlatformManager: Display: Loaded TargetPlatform 'TVOSClient'
[2022.03.14-23.05.42:432][  0]LogTargetPlatformManager: Display: Loaded TargetPlatform 'TVOS'
[2022.03.14-23.05.42:438][  0]LogTargetPlatformManager: Display: Loaded TargetPlatform 'WindowsNoEditor'
[2022.03.14-23.05.42:441][  0]LogTargetPlatformManager: Display: Loaded TargetPlatform 'Windows'
[2022.03.14-23.05.42:444][  0]LogTargetPlatformManager: Display: Loaded TargetPlatform 'WindowsClient'
[2022.03.14-23.05.42:447][  0]LogTargetPlatformManager: Display: Loaded TargetPlatform 'WindowsServer'
[2022.03.14-23.05.42:447][  0]LogTargetPlatformManager: Display: Building Assets For Windows
[2022.03.14-23.05.42:451][  0]LogAudioDebug: Display: Lib vorbis DLL was dynamically loaded.
[2022.03.14-23.05.42:472][  0]LogTextureFormatOodle: Display: Oodle Texture 2.9.0 init RDO Off
[2022.03.14-23.05.42:491][  0]LogRendererCore: Ray tracing is disabled. Reason: r.RayTracing=0.
[2022.03.14-23.05.42:491][  0]LogShaderCompilers: Guid format shader working directory is -5 characters bigger than the processId version (../../../../../../Users/dhern/Desktop/498MP2/498MP2/Intermediate/Shaders/WorkingDirectory/2412/).
[2022.03.14-23.05.42:491][  0]LogShaderCompilers: Cleaned the shader compiler working directory 'C:/Users/dhern/AppData/Local/Temp/UnrealShaderWorkingDir/E1EC270A48150AAC45BA41BB25614001/'.
[2022.03.14-23.05.42:491][  0]LogXGEController: Cannot use XGE Controller as Incredibuild is not installed on this machine.
[2022.03.14-23.05.42:491][  0]LogShaderCompilers: Cannot use XGE Shader Compiler as Incredibuild is not installed on this machine.
[2022.03.14-23.05.42:491][  0]LogShaderCompilers: Display: Using Local Shader Compiler.
[2022.03.14-23.05.43:031][  0]LogDerivedDataCache: Display: Max Cache Size: 512 MB
[2022.03.14-23.05.43:067][  0]LogDerivedDataCache: Loaded boot cache 0.04s 98MB C:/Users/dhern/AppData/Local/UnrealEngine/4.27/DerivedDataCache/Boot.ddc.
[2022.03.14-23.05.43:067][  0]LogDerivedDataCache: Display: Loaded Boot cache: C:/Users/dhern/AppData/Local/UnrealEngine/4.27/DerivedDataCache/Boot.ddc
[2022.03.14-23.05.43:067][  0]LogDerivedDataCache: FDerivedDataBackendGraph:  Pak pak cache file ../../../../../../Users/dhern/Desktop/498MP2/498MP2/DerivedDataCache/DDC.ddp not found, will not use a pak cache.
[2022.03.14-23.05.43:067][  0]LogDerivedDataCache: Unable to find inner node Pak for hierarchical cache Hierarchy.
[2022.03.14-23.05.43:067][  0]LogDerivedDataCache: FDerivedDataBackendGraph:  CompressedPak pak cache file ../../../../../../Users/dhern/Desktop/498MP2/498MP2/DerivedDataCache/Compressed.ddp not found, will not use a pak cache.
[2022.03.14-23.05.43:067][  0]LogDerivedDataCache: Unable to find inner node CompressedPak for hierarchical cache Hierarchy.
[2022.03.14-23.05.43:081][  0]LogDerivedDataCache: Display: Pak cache opened for reading ../../../Engine/DerivedDataCache/Compressed.ddp.
[2022.03.14-23.05.43:081][  0]LogDerivedDataCache: FDerivedDataBackendGraph:  EnterprisePak pak cache file ../../../Enterprise/DerivedDataCache/Compressed.ddp not found, will not use a pak cache.
[2022.03.14-23.05.43:081][  0]LogDerivedDataCache: Unable to find inner node EnterprisePak for hierarchical cache Hierarchy.
[2022.03.14-23.05.43:085][  0]LogDerivedDataCache: Speed tests for C:/Users/dhern/AppData/Local/UnrealEngine/Common/DerivedDataCache took 0.00 seconds
[2022.03.14-23.05.43:085][  0]LogDerivedDataCache: Display: Performance to C:/Users/dhern/AppData/Local/UnrealEngine/Common/DerivedDataCache: Latency=0.02ms. RandomReadSpeed=1833.34MBs, RandomWriteSpeed=258.88MBs. Assigned SpeedClass 'Local'
[2022.03.14-23.05.43:086][  0]LogDerivedDataCache: Using Local data cache path C:/Users/dhern/AppData/Local/UnrealEngine/Common/DerivedDataCache: Writable
[2022.03.14-23.05.43:086][  0]LogDerivedDataCache: Shared data cache path not found in *engine.ini, will not use an Shared cache.
[2022.03.14-23.05.43:086][  0]LogDerivedDataCache: Unable to find inner node Shared for hierarchical cache Hierarchy.
[2022.03.14-23.05.43:124][  0]LogSlate: Using FreeType 2.10.0
[2022.03.14-23.05.43:124][  0]LogSlate: SlateFontServices - WITH_FREETYPE: 1, WITH_HARFBUZZ: 1
[2022.03.14-23.05.43:124][  0]LogHMD: Failed to enumerate extensions. Please check that you have a valid OpenXR runtime installed.
[2022.03.14-23.05.43:141][  0]LogAssetRegistry: FAssetRegistry took 0.0020 seconds to start up
[2022.03.14-23.05.43:304][  0]LogInit: Selected Device Profile: [Windows]
[2022.03.14-23.05.43:304][  0]LogInit: Active device profile: [0000024245627700][0000024243260A80 49] Windows
[2022.03.14-23.05.43:305][  0]LogInit: Profiles: [0000024245627700][0000024243260A80 49] Windows, [00000242455D8B00][0000024243268C00 49] WindowsNoEditor, [0000024245624B00][000002424326CD80 49] WindowsServer, [00000242455DAE00][0000024243270F00 49] WindowsClient, [0000024245626D00][0000024243275080 49] IOS, [00000242455D9500][0000024243279200 49] iPadAir, [0000024245625400][000002424327D380 49] iPadAir2, [000002424558BC00][0000024244815640 49] IPadPro, [000002424558BD00][0000024243281680 49] iPadAir3, [0000024245626600][0000024244819800 49] iPadAir4, [0000024245589000][000002424481D980 49] iPadMini2, [0000024245625900][0000024244821B00 49] iPadMini3, [000002424558A800][0000024244824100 49] iPadMini4, [0000024245624200][0000024243264240 49] iPadMini5, [00000242455D3500][000002424482C480 49] iPhone6, [00000242455D3600][00000242448284C0 49] iPodTouch6, [0000024245588100][0000024244838740 49] iPhone7, [0000024245589100][0000024244830780 49] iPodTouch7, [00000242455D0F00][00000242448A8900 49] iPhone5S, [000002424558AA00][00000242448C0A80 49] iPhone6Plus, [00000242455D2900][00000242448C8C00 49] iPhone6S, [000002424558B900][00000242448DCD80 49] iPhone6SPlus, [00000242455D1800][00000242459B2F00 49] iPhone7Plus, [0000024245588900][000002423E273080 49] iPhoneSE, [00000242455D0C00][000002423E277200 49] iPhone8, [000002424558B000][000002423DD9B380 49] iPhone8Plus, [00000242455D3100][00000242430D1500 49] iPhoneX, [000002424558A100][00000242430D9680 49] iPhoneXS, [00000242455D0100][000002423DDA7800 49] iPhoneXSMax, [000002424558B400][000002423DDBB980 49] iPhoneXR, [00000242455D1500][0000024245CD7B00 49] iPhone11, [000002424558AD00][0000024245CDA100 49] iPhone11Pro, [00000242455D0E00][0000024245CDE280 49] iPhone11ProMax, [000002424558AC00][00000242448343C0 49] iPhoneSE2, [00000242455D2E00][0000024245CEA500 49] iPhone12Mini, [0000024245588D00][000002424483C640 49] iPhone12, [00000242455D3B00][000002424486A780 49] iPhone12Pro, [0000024245589F00][0000024244872900 49] iPhone12ProMax, [00000242455D1400][0000024244876A80 49] iPadPro105, [0000024245589200][0000024245940C00 49] iPadPro129, [00000242455D2D00][0000024245964D80 49] iPadPro97, [000002424558A600][0000024245968F00 49] iPadPro2_129, [00000242455D1100][00000242411B1080 49] iPad5, [000002424558AB00][00000242411B5200 49] iPad6, [00000242455D1600][000002423E26B380 49] iPad7, [000002424558A900][000002423E26F500 49] iPad8, [00000242455D2300][00000242411C9680 49] iPadPro11, [0000024245588600][00000242411CD800 49] iPadPro2_11, [00000242455D0B00][000002424487B980 49] iPadPro3_129, [000002424558A400][000002424489FB00 49] iPadPro4_129, [00000242455D2200][00000242448A2100 49] AppleTV, [0000024245588400][00000242460E8280 49] AppleTV4K, [00000242455D3900][00000242460F8400 49] TVOS, [0000024245589700][000002424310A580 49] Mac, [00000242455D2500][000002424486E6C0 49] MacClient, [000002424558B100][0000024245BC2800 49] MacNoEditor, [00000242455D0800][0000024243158940 49] MacServer, [000002424558B600][0000024246130AC0 49] Linux, [00000242455D1300][0000024246134C40 49] LinuxAArch64, [000002424558B800][0000024246138DC0 49] LinuxNoEditor, [00000242455DA800][000002424613CF40 49] LinuxAArch64NoEditor, [0000024245664F00][00000242461410C0 49] LinuxClient, [00000242455DB500][0000024246145240 49] LinuxAArch64Client, [0000024245665F00][00000242458F13C0 49] LinuxServer, [00000242455D9A00][00000242458F5540 49] LinuxAArch64Server, [0000024245664800][00000242458F96C0 49] Android, [00000242455D8A00][00000242458FD840 49] Android_Low, [0000024245665600][000002424590B9C0 49] Android_Mid, [00000242455DBA00][0000024245C85B40 49] Android_High, [0000024245665200][0000024245C8E140 49] Android_Default, [00000242455D9800][0000024245CAE2C0 49] Android_Adreno4xx, [0000024245665C00][0000024245CB2440 49] Android_Adreno5xx_Low, [00000242455D9300][0000024245CB65C0 49] Android_Adreno5xx, [0000024245664200][0000024245CBA740 49] Android_Adreno6xx, [00000242455DA200][000002424612C880 49] Android_Adreno6xx_Vulkan, [0000024245664700][0000024245CBE9C0 49] Android_Mali_T6xx, [00000242455D9B00][0000024245CC6B00 49] Android_Mali_T7xx, [0000024245665900][0000024245CCAC40 49] Android_Mali_T8xx, [00000242455DB600][0000024245CD2DC0 49] Android_Mali_G71, [0000024245666300][000002424114CF40 49] Android_Mali_G72, [00000242455DA100][00000242411510C0 49] Android_Mali_G72_Vulkan, [0000024245666200][0000024241155240 49] Android_Mali_G76, [00000242455D8E00][00000242411433C0 49] Android_Mali_G76_Vulkan, [0000024245664400][0000024245CC3540 49] Android_Mali_G77, [0000024245589600][00000242459456C0 49] Android_Mali_G77_Vulkan, [00000242455D0A00][0000024245955840 49] Android_Mali_G78, [0000024245589E00][00000242459599C0 49] Android_Mali_G78_Vulkan, [00000242455D3F00][000002424595DB40 49] Android_Mali_G710, [0000024245588A00][0000024245960140 49] Android_Mali_G710_Vulkan, [0000024245665500][000002423E24A2C0 49] Android_Vulkan_SM5, [000002424558BE00][000002423E24E440 49] Android_PowerVR_G6xxx, [0000024245664500][000002423E2525C0 49] Android_PowerVR_GT7xxx, [000002424558A700][000002423E256740 49] Android_PowerVR_GE8xxx, [0000024245665300][0000024245BEC8C0 49] Android_PowerVR_GM9xxx, [0000024245589900][0000024245CCEA00 49] Android_PowerVR_GM9xxx_Vulkan, [0000024245666100][000002424317CB40 49] Android_TegraK1, [000002424558A500][0000024243160C80 49] Android_Unknown_Vulkan, [0000024245665D00][000002424315CDC0 49] Lumin, [0000024245588500][0000024245CE6F40 49] Lumin_Desktop, [0000024245664B00][000002423DDCB0C0 49] HoloLens, 
[2022.03.14-23.05.43:389][  0]LogMeshReduction: Using QuadricMeshReduction for automatic static mesh reduction
[2022.03.14-23.05.43:389][  0]LogMeshReduction: Using SimplygonMeshReduction for automatic skeletal mesh reduction
[2022.03.14-23.05.43:389][  0]LogMeshReduction: Using ProxyLODMeshReduction for automatic mesh merging
[2022.03.14-23.05.43:389][  0]LogMeshReduction: No distributed automatic mesh merging module available
[2022.03.14-23.05.43:389][  0]LogMeshMerging: No distributed automatic mesh merging module available
[2022.03.14-23.05.43:400][  0]LogNetVersion: MP_2 1.0.0, NetCL: 17155196, EngineNetVer: 17, GameNetVer: 0 (Checksum: 4241254661)
[2022.03.14-23.05.43:645][  0]LogTexture: Default maximum texture size for cubemaps generated from long-lat sources has been changed from 512 to unlimited. In order to preserve old behaiour for '/Engine/MapTemplates/Sky/DaylightAmbientCubemap.DaylightAmbientCubemap', its maximum texture size has been explicitly set to 512.
[2022.03.14-23.05.43:711][  0]LogHMD: PokeAHoleMaterial loaded successfully
[2022.03.14-23.05.43:716][  0]LogUObjectArray: 17947 objects as part of root set at end of initial load.
[2022.03.14-23.05.43:716][  0]LogUObjectAllocator: 4584912 out of 0 bytes used by permanent object pool.
[2022.03.14-23.05.43:716][  0]LogUObjectArray: CloseDisregardForGC: 0/0 objects in disregard for GC pool
[2022.03.14-23.05.43:814][  0]LogNiagaraDebuggerClient: Niagara Debugger Client Initialized | Session: 2349398E43C0FCE3BFAAEE9B0A11861D | Instance: 49491BCD4D3A6E2629EB36B2EC9A19DA (DESKTOP-R31L68S-2412).
[2022.03.14-23.05.43:907][  0]LogTcpMessaging: Initializing TcpMessaging bridge
[2022.03.14-23.05.43:910][  0]LogUdpMessaging: Initializing bridge on interface 0.0.0.0:0 to multicast group 230.0.0.1:6666.
[2022.03.14-23.05.43:917][  0]LogPython: Using Python 3.7.7
[2022.03.14-23.05.44:563][  0]LogOpenImageDenoise: OIDN starting up
[2022.03.14-23.05.44:596][  0]LogAndroidPermission: UAndroidPermissionCallbackProxy::GetInstance
[2022.03.14-23.05.44:605][  0]LogAudioCaptureCore: Display: No Audio Capture implementations found. Audio input will be silent.
[2022.03.14-23.05.44:605][  0]LogAudioCaptureCore: Display: No Audio Capture implementations found. Audio input will be silent.
[2022.03.14-23.05.44:690][  0]SourceControl: Source control is disabled
[2022.03.14-23.05.44:691][  0]SourceControl: Source control is disabled
[2022.03.14-23.05.44:695][  0]SourceControl: Source control is disabled
[2022.03.14-23.05.44:699][  0]SourceControl: Source control is disabled
[2022.03.14-23.05.44:701][  0]SourceControl: Source control is disabled
[2022.03.14-23.05.44:705][  0]LogUProjectInfo: Found projects:
[2022.03.14-23.05.44:707][  0]LogVSAccessor: Display: Unable to create Visual Studio setup instance: 80040154
[2022.03.14-23.05.44:708][  0]LogVSAccessor: Display: Unable to create Visual Studio setup instance: 80040154
[2022.03.14-23.05.44:708][  0]LogVSAccessor: Display: Unable to create Visual Studio setup instance: 80040154
[2022.03.14-23.05.44:716][  0]LogCollectionManager: Loaded 0 collections in 0.001243 seconds
[2022.03.14-23.05.44:732][  0]LogFileCache: Scanning file cache for directory 'C:/Users/dhern/Desktop/498MP2/498MP2/Saved/Collections/' took 0.00s
[2022.03.14-23.05.44:732][  0]LogFileCache: Scanning file cache for directory 'C:/Users/dhern/Desktop/498MP2/498MP2/Content/Developers/dhern/Collections/' took 0.00s
[2022.03.14-23.05.44:732][  0]LogFileCache: Scanning file cache for directory 'C:/Users/dhern/Desktop/498MP2/498MP2/Content/Collections/' took 0.00s
[2022.03.14-23.05.44:732][  0]LogOcInput: OculusInput pre-init called
[2022.03.14-23.05.44:884][  0]LogClass: Display: IntProperty FPhysicsConvexData::NumVertices is not initialized properly. Module:MeshModelingTools File:Public/Physics/CollisionPropertySets.h
[2022.03.14-23.05.44:884][  0]LogClass: Display: IntProperty FPhysicsConvexData::NumFaces is not initialized properly. Module:MeshModelingTools File:Public/Physics/CollisionPropertySets.h
[2022.03.14-23.05.44:884][  0]LogClass: Display: FloatProperty FPhysicsCapsuleData::Radius is not initialized properly. Module:MeshModelingTools File:Public/Physics/CollisionPropertySets.h
[2022.03.14-23.05.44:884][  0]LogClass: Display: FloatProperty FPhysicsCapsuleData::Length is not initialized properly. Module:MeshModelingTools File:Public/Physics/CollisionPropertySets.h
[2022.03.14-23.05.44:884][  0]LogClass: Display: StructProperty FPhysicsBoxData::Dimensions is not initialized properly. Module:MeshModelingTools File:Public/Physics/CollisionPropertySets.h
[2022.03.14-23.05.44:884][  0]LogClass: Display: FloatProperty FPhysicsSphereData::Radius is not initialized properly. Module:MeshModelingTools File:Public/Physics/CollisionPropertySets.h
[2022.03.14-23.05.44:884][  0]LogClass: Display: EnumProperty FLODLevelGenerateSettings::TargetMode is not initialized properly. Module:MeshModelingToolsEditorOnly File:Public/GenerateLODMeshesTool.h
[2022.03.14-23.05.44:884][  0]LogClass: Display: IntProperty FLODLevelGenerateSettings::TargetPercentage is not initialized properly. Module:MeshModelingToolsEditorOnly File:Public/GenerateLODMeshesTool.h
[2022.03.14-23.05.44:884][  0]LogClass: Display: IntProperty FLODLevelGenerateSettings::TargetCount is not initialized properly. Module:MeshModelingToolsEditorOnly File:Public/GenerateLODMeshesTool.h
[2022.03.14-23.05.44:884][  0]LogClass: Display: 9 Uninitialized script struct members found including 0 object properties
[2022.03.14-23.05.44:884][  0]LogEngine: Initializing Engine...
[2022.03.14-23.05.44:885][  0]LogHMD: Failed to enumerate extensions. Please check that you have a valid OpenXR runtime installed.
[2022.03.14-23.05.44:885][  0]LogMagicLeap: Warning: VR disabled because ZI is not enabled.  To enable, in the editor, Edit -> Project Settings -> Plugins -> Magic Leap Plugin -> Enable Zero Iteration
[2022.03.14-23.05.44:885][  0]LogStylusInput: Initializing StylusInput subsystem.
[2022.03.14-23.05.44:886][  0]LogStats: UGameplayTagsManager::InitializeManager -  0.000 s
[2022.03.14-23.05.44:972][  0]LogInit: Initializing FReadOnlyCVARCache
[2022.03.14-23.05.44:977][  0]LogAIModule: Creating AISystem for world Untitled
[2022.03.14-23.05.44:977][  0]LogAudio: Display: Initializing Audio Device Manager...
[2022.03.14-23.05.44:979][  0]LogAudio: Display: Loading Default Audio Settings Objects...
[2022.03.14-23.05.44:980][  0]LogAudio: Display: No default SoundConcurrencyObject specified (or failed to load).
[2022.03.14-23.05.44:980][  0]LogAudio: Display: Audio Device Manager Initialized
[2022.03.14-23.05.44:980][  0]LogAudio: Display: Creating Audio Device:                 Id: 1, Scope: Shared, Realtime: True
[2022.03.14-23.05.44:980][  0]LogAudioMixer: Display: Audio Mixer Platform Settings:
[2022.03.14-23.05.44:980][  0]LogAudioMixer: Display: 	Sample Rate:						  48000
[2022.03.14-23.05.44:980][  0]LogAudioMixer: Display: 	Callback Buffer Frame Size Requested: 1024
[2022.03.14-23.05.44:980][  0]LogAudioMixer: Display: 	Callback Buffer Frame Size To Use:	  1024
[2022.03.14-23.05.44:980][  0]LogAudioMixer: Display: 	Number of buffers to queue:			  2
[2022.03.14-23.05.44:980][  0]LogAudioMixer: Display: 	Max Channels (voices):				  32
[2022.03.14-23.05.44:980][  0]LogAudioMixer: Display: 	Number of Async Source Workers:		  0
[2022.03.14-23.05.44:980][  0]LogAudio: Display: AudioDevice MaxSources: 32
[2022.03.14-23.05.44:980][  0]LogAudio: Display: Audio Spatialization Plugin: None (built-in).
[2022.03.14-23.05.44:980][  0]LogAudio: Display: Audio Reverb Plugin: None (built-in).
[2022.03.14-23.05.44:980][  0]LogAudio: Display: Audio Occlusion Plugin: None (built-in).
[2022.03.14-23.05.44:980][  0]LogAudioMixer: Display: Initializing audio mixer.
[2022.03.14-23.05.45:234][  0]LogAudioMixer: Display: 0: FrontLeft
[2022.03.14-23.05.45:234][  0]LogAudioMixer: Display: 1: FrontRight
[2022.03.14-23.05.45:342][  0]LogAudioMixer: Display: Using Audio Device Remote Audio
[2022.03.14-23.05.45:342][  0]LogAudioMixer: Display: Initializing Sound Submixes...
[2022.03.14-23.05.45:344][  0]LogAudioMixer: Display: Creating Master Submix 'MasterSubmixDefault'
[2022.03.14-23.05.45:344][  0]LogAudioMixer: Display: Creating Master Submix 'MasterReverbSubmixDefault'
[2022.03.14-23.05.45:344][  0]LogAudioMixer: Display: Creating Master Submix 'MasterEQSubmixDefault'
[2022.03.14-23.05.45:344][  0]LogAudioMixer: FMixerPlatformXAudio2::StartAudioStream() called
[2022.03.14-23.05.45:344][  0]LogAudioMixer: Display: Output buffers initialized: Frames=1024, Channels=2, Samples=2048
[2022.03.14-23.05.45:345][  0]LogAudioMixer: Display: Starting AudioMixerPlatformInterface::RunInternal()
[2022.03.14-23.05.45:345][  0]LogAudioMixer: Display: FMixerPlatformXAudio2::SubmitBuffer() called for the first time
[2022.03.14-23.05.45:345][  0]LogInit: FAudioDevice initialized.
[2022.03.14-23.05.45:345][  0]LogAudio: Display: Audio Device (ID: 1) registered with world 'Untitled'.
[2022.03.14-23.05.45:345][  0]LogNetVersion: Set ProjectVersion to 4.1. Version Checksum will be recalculated on next use.
[2022.03.14-23.05.45:394][  0]LogDerivedDataCache: Saved boot cache 0.05s 98MB C:/Users/dhern/AppData/Local/UnrealEngine/4.27/DerivedDataCache/Boot.ddc.
[2022.03.14-23.05.45:395][  0]LogInit: Texture streaming: Enabled
[2022.03.14-23.05.45:403][  0]LogAnalytics: Display: [UEEditor.Rocket.Release] APIServer = https://datarouter.ol.epicgames.com/. AppVersion = 4.27.2-18319896+++UE4+Release-4.27
[2022.03.14-23.05.45:405][  0]LogEngineSessionManager: EngineSessionManager initialized
[2022.03.14-23.05.45:405][  0]LogEditorSessionSummary: Verbose: Initializing EditorSessionSummaryWriter for editor session tracking
[2022.03.14-23.05.45:406][  0]LogEditorSessionSummary: EditorSessionSummaryWriter initialized
[2022.03.14-23.05.45:427][  0]LogInit: Transaction tracking system initialized
[2022.03.14-23.05.45:440][  0]BlueprintLog: New page: Editor Load
[2022.03.14-23.05.45:479][  0]LocalizationService: Localization service is disabled
[2022.03.14-23.05.45:494][  0]TimingProfiler: Initialize
[2022.03.14-23.05.45:494][  0]TimingProfiler: OnSessionChanged
[2022.03.14-23.05.45:494][  0]LoadingProfiler: Initialize
[2022.03.14-23.05.45:494][  0]LoadingProfiler: OnSessionChanged
[2022.03.14-23.05.45:494][  0]NetworkingProfiler: Initialize
[2022.03.14-23.05.45:494][  0]NetworkingProfiler: OnSessionChanged
[2022.03.14-23.05.45:494][  0]MemoryProfiler: Initialize
[2022.03.14-23.05.45:494][  0]MemoryProfiler: OnSessionChanged
[2022.03.14-23.05.45:497][  0]LogClass: Warning: In asset 'None', there is an enum property of type 'EIOSVersion' with an invalid value of 'IOS_11'
[2022.03.14-23.05.45:497][  0]LogObj: Error: LoadConfig (/Script/IOSRuntimeSettings.Default__IOSRuntimeSettings): import failed for MinimumiOSVersion in: IOS_11
[2022.03.14-23.05.45:529][  0]LogVSAccessor: Display: Unable to create Visual Studio setup instance: 80040154
[2022.03.14-23.05.45:529][  0]LogVSAccessor: Display: Unable to create Visual Studio setup instance: 80040154
[2022.03.14-23.05.45:529][  0]LogVSAccessor: Display: Unable to create Visual Studio setup instance: 80040154
[2022.03.14-23.05.45:585][  0]LogCook: Display: CookSettings for Memory: MemoryMaxUsedVirtual 0MiB, MemoryMaxUsedPhysical 16384MiB, MemoryMinFreeVirtual 0MiB, MemoryMinFreePhysical 1024MiB
[2022.03.14-23.05.45:585][  0]LogCook: Display: Mobile HDR setting 1
[2022.03.14-23.05.45:710][  0]LogFileCache: Scanning file cache for directory 'C:/Users/dhern/Desktop/498MP2/498MP2/Content/' took 0.01s
[2022.03.14-23.05.45:710][  0]LogInit: Display: Engine is initialized. Leaving FEngineLoop::Init()
[2022.03.14-23.05.45:713][  0]SourceControl: Source control is disabled
[2022.03.14-23.05.45:713][  0]LogUnrealEdMisc: Loading editor; pre map load, took 4.984
[2022.03.14-23.05.45:713][  0]Cmd: MAP LOAD FILE="../../../../../../Users/dhern/Desktop/498MP2/498MP2/Content/LearningKit_Games/Maps/LearningKit_Games_Showcase.umap" TEMPLATE=0 SHOWPROGRESS=1 FEATURELEVEL=3
[2022.03.14-23.05.45:713][  0]LightingResults: New page: Lighting Build
[2022.03.14-23.05.45:714][  0]LogWorld: UWorld::CleanupWorld for Untitled, bSessionEnded=true, bCleanupResources=true
[2022.03.14-23.05.45:714][  0]LogSlate: InvalidateAllWidgets triggered.  All widgets were invalidated
[2022.03.14-23.05.45:714][  0]MapCheck: New page: Map Check
[2022.03.14-23.05.45:714][  0]LightingResults: New page: Lighting Build
[2022.03.14-23.05.45:722][  0]LogAudio: Display: Audio Device unregistered from world 'None'.
[2022.03.14-23.05.45:724][  0]LogUObjectHash: Compacting FUObjectHashTables data took   0.75ms
[2022.03.14-23.05.46:516][  0]LogAudio: Display: Audio Device (ID: 1) registered with world 'LearningKit_Games_Showcase'.
[2022.03.14-23.05.46:517][  0]LogAIModule: Creating AISystem for world LearningKit_Games_Showcase
[2022.03.14-23.05.47:836][  0]LogEditorServer: Finished looking for orphan Actors (0.000 secs)
[2022.03.14-23.05.47:846][  0]LogUObjectHash: Compacting FUObjectHashTables data took   0.97ms
[2022.03.14-23.05.47:846][  0]Cmd: MAP CHECKDEP NOCLEARLOG
[2022.03.14-23.05.47:846][  0]MapCheck: Map check complete: 0 Error(s), 0 Warning(s), took 0.121ms to complete.
[2022.03.14-23.05.47:846][  0]LogFileHelpers: Loading map 'LearningKit_Games_Showcase' took 2.134
[2022.03.14-23.05.47:847][  0]LogUnrealEdMisc: Total Editor Startup Time, took 7.119
[2022.03.14-23.05.48:014][  0]LogSlate: Updating window title bar state: overlay mode, drag disabled, window buttons hidden, title bar hidden
[2022.03.14-23.05.48:018][  0]LogSlate: Updating window title bar state: overlay mode, drag disabled, window buttons hidden, title bar hidden
[2022.03.14-23.05.48:022][  0]LogSlate: Updating window title bar state: overlay mode, drag disabled, window buttons hidden, title bar hidden
[2022.03.14-23.05.48:025][  0]LogSlate: Updating window title bar state: overlay mode, drag disabled, window buttons hidden, title bar hidden
[2022.03.14-23.05.48:036][  0]LogNativeClassHierarchy: Verbose: Native class hierarchy populated in 0.0080 seconds. Added 4200 classes and 956 folders.
[2022.03.14-23.05.48:039][  0]LogNativeClassHierarchy: Verbose: Native class hierarchy updated for 'WidgetCarousel' in 0.0002 seconds. Added 0 classes and 0 folders.
[2022.03.14-23.05.48:040][  0]LogPakFile: PakFile PrimaryIndexSize=187
[2022.03.14-23.05.48:040][  0]LogPakFile: PakFile PathHashIndexSize=101
[2022.03.14-23.05.48:040][  0]LogPakFile: PakFile FullDirectoryIndexSize=148
[2022.03.14-23.05.48:040][  0]LogShaderLibrary: Display: ShaderCodeLibraryPakFileMountedCallback: PakFile 'C:/Program Files/Epic Games/UE_4.27/FeaturePacks/FP_FirstPerson.upack' (chunk index -1, root 'root:/') mounted
[2022.03.14-23.05.48:040][  0]LogShaderLibrary: Display: ShaderCodeLibraryPakFileMountedCallback: pending pak file info (ChunkID:-1 Root:root:/ File:C:/Program Files/Epic Games/UE_4.27/FeaturePacks/FP_FirstPerson.upack)
[2022.03.14-23.05.48:040][  0]LogPakFile: OnPakFileMounted2Time == 0.000036
[2022.03.14-23.05.48:040][  0]LogPakFile: PakFile PrimaryIndexSize=189
[2022.03.14-23.05.48:040][  0]LogPakFile: PakFile PathHashIndexSize=101
[2022.03.14-23.05.48:040][  0]LogPakFile: PakFile FullDirectoryIndexSize=152
[2022.03.14-23.05.48:040][  0]LogShaderLibrary: Display: ShaderCodeLibraryPakFileMountedCallback: PakFile 'C:/Program Files/Epic Games/UE_4.27/FeaturePacks/FP_FirstPersonBP.upack' (chunk index -1, root 'root:/') mounted
[2022.03.14-23.05.48:040][  0]LogShaderLibrary: Display: ShaderCodeLibraryPakFileMountedCallback: pending pak file info (ChunkID:-1 Root:root:/ File:C:/Program Files/Epic Games/UE_4.27/FeaturePacks/FP_FirstPersonBP.upack)
[2022.03.14-23.05.48:040][  0]LogPakFile: OnPakFileMounted2Time == 0.000026
[2022.03.14-23.05.48:040][  0]LogPakFile: PakFile PrimaryIndexSize=191
[2022.03.14-23.05.48:040][  0]LogPakFile: PakFile PathHashIndexSize=101
[2022.03.14-23.05.48:040][  0]LogPakFile: PakFile FullDirectoryIndexSize=160
[2022.03.14-23.05.48:040][  0]LogShaderLibrary: Display: ShaderCodeLibraryPakFileMountedCallback: PakFile 'C:/Program Files/Epic Games/UE_4.27/FeaturePacks/MobileStarterContent.upack' (chunk index -1, root 'root:/') mounted
[2022.03.14-23.05.48:040][  0]LogShaderLibrary: Display: ShaderCodeLibraryPakFileMountedCallback: pending pak file info (ChunkID:-1 Root:root:/ File:C:/Program Files/Epic Games/UE_4.27/FeaturePacks/MobileStarterContent.upack)
[2022.03.14-23.05.48:040][  0]LogPakFile: OnPakFileMounted2Time == 0.000021
[2022.03.14-23.05.48:041][  0]LogPakFile: PakFile PrimaryIndexSize=185
[2022.03.14-23.05.48:041][  0]LogPakFile: PakFile PathHashIndexSize=101
[2022.03.14-23.05.48:041][  0]LogPakFile: PakFile FullDirectoryIndexSize=148
[2022.03.14-23.05.48:041][  0]LogShaderLibrary: Display: ShaderCodeLibraryPakFileMountedCallback: PakFile 'C:/Program Files/Epic Games/UE_4.27/FeaturePacks/StarterContent.upack' (chunk index -1, root 'root:/') mounted
[2022.03.14-23.05.48:041][  0]LogShaderLibrary: Display: ShaderCodeLibraryPakFileMountedCallback: pending pak file info (ChunkID:-1 Root:root:/ File:C:/Program Files/Epic Games/UE_4.27/FeaturePacks/StarterContent.upack)
[2022.03.14-23.05.48:041][  0]LogPakFile: OnPakFileMounted2Time == 0.000022
[2022.03.14-23.05.48:041][  0]LogPakFile: PakFile PrimaryIndexSize=190
[2022.03.14-23.05.48:041][  0]LogPakFile: PakFile PathHashIndexSize=101
[2022.03.14-23.05.48:041][  0]LogPakFile: PakFile FullDirectoryIndexSize=154
[2022.03.14-23.05.48:041][  0]LogShaderLibrary: Display: ShaderCodeLibraryPakFileMountedCallback: PakFile 'C:/Program Files/Epic Games/UE_4.27/FeaturePacks/TP_2DSideScroller.upack' (chunk index -1, root 'root:/') mounted
[2022.03.14-23.05.48:041][  0]LogShaderLibrary: Display: ShaderCodeLibraryPakFileMountedCallback: pending pak file info (ChunkID:-1 Root:root:/ File:C:/Program Files/Epic Games/UE_4.27/FeaturePacks/TP_2DSideScroller.upack)
[2022.03.14-23.05.48:041][  0]LogPakFile: OnPakFileMounted2Time == 0.000021
[2022.03.14-23.05.48:042][  0]LogPakFile: PakFile PrimaryIndexSize=192
[2022.03.14-23.05.48:042][  0]LogPakFile: PakFile PathHashIndexSize=101
[2022.03.14-23.05.48:042][  0]LogPakFile: PakFile FullDirectoryIndexSize=158
[2022.03.14-23.05.48:042][  0]LogShaderLibrary: Display: ShaderCodeLibraryPakFileMountedCallback: PakFile 'C:/Program Files/Epic Games/UE_4.27/FeaturePacks/TP_2DSideScrollerBP.upack' (chunk index -1, root 'root:/') mounted
[2022.03.14-23.05.48:042][  0]LogShaderLibrary: Display: ShaderCodeLibraryPakFileMountedCallback: pending pak file info (ChunkID:-1 Root:root:/ File:C:/Program Files/Epic Games/UE_4.27/FeaturePacks/TP_2DSideScrollerBP.upack)
[2022.03.14-23.05.48:042][  0]LogPakFile: OnPakFileMounted2Time == 0.000020
[2022.03.14-23.05.48:042][  0]LogPakFile: PakFile PrimaryIndexSize=182
[2022.03.14-23.05.48:042][  0]LogPakFile: PakFile PathHashIndexSize=101
[2022.03.14-23.05.48:042][  0]LogPakFile: PakFile FullDirectoryIndexSize=138
[2022.03.14-23.05.48:042][  0]LogShaderLibrary: Display: ShaderCodeLibraryPakFileMountedCallback: PakFile 'C:/Program Files/Epic Games/UE_4.27/FeaturePacks/TP_Flying.upack' (chunk index -1, root 'root:/') mounted
[2022.03.14-23.05.48:042][  0]LogShaderLibrary: Display: ShaderCodeLibraryPakFileMountedCallback: pending pak file info (ChunkID:-1 Root:root:/ File:C:/Program Files/Epic Games/UE_4.27/FeaturePacks/TP_Flying.upack)
[2022.03.14-23.05.48:042][  0]LogPakFile: OnPakFileMounted2Time == 0.000020
[2022.03.14-23.05.48:042][  0]LogPakFile: PakFile PrimaryIndexSize=184
[2022.03.14-23.05.48:042][  0]LogPakFile: PakFile PathHashIndexSize=101
[2022.03.14-23.05.48:042][  0]LogPakFile: PakFile FullDirectoryIndexSize=142
[2022.03.14-23.05.48:042][  0]LogShaderLibrary: Display: ShaderCodeLibraryPakFileMountedCallback: PakFile 'C:/Program Files/Epic Games/UE_4.27/FeaturePacks/TP_FlyingBP.upack' (chunk index -1, root 'root:/') mounted
[2022.03.14-23.05.48:042][  0]LogShaderLibrary: Display: ShaderCodeLibraryPakFileMountedCallback: pending pak file info (ChunkID:-1 Root:root:/ File:C:/Program Files/Epic Games/UE_4.27/FeaturePacks/TP_FlyingBP.upack)
[2022.03.14-23.05.48:042][  0]LogPakFile: OnPakFileMounted2Time == 0.000021
[2022.03.14-23.05.48:043][  0]LogPakFile: PakFile PrimaryIndexSize=188
[2022.03.14-23.05.48:043][  0]LogPakFile: PakFile PathHashIndexSize=101
[2022.03.14-23.05.48:043][  0]LogPakFile: PakFile FullDirectoryIndexSize=150
[2022.03.14-23.05.48:043][  0]LogShaderLibrary: Display: ShaderCodeLibraryPakFileMountedCallback: PakFile 'C:/Program Files/Epic Games/UE_4.27/FeaturePacks/TP_HandheldARBP.upack' (chunk index -1, root 'root:/') mounted
[2022.03.14-23.05.48:043][  0]LogShaderLibrary: Display: ShaderCodeLibraryPakFileMountedCallback: pending pak file info (ChunkID:-1 Root:root:/ File:C:/Program Files/Epic Games/UE_4.27/FeaturePacks/TP_HandheldARBP.upack)
[2022.03.14-23.05.48:043][  0]LogPakFile: OnPakFileMounted2Time == 0.000020
[2022.03.14-23.05.48:043][  0]LogPakFile: PakFile PrimaryIndexSize=182
[2022.03.14-23.05.48:043][  0]LogPakFile: PakFile PathHashIndexSize=101
[2022.03.14-23.05.48:043][  0]LogPakFile: PakFile FullDirectoryIndexSize=138
[2022.03.14-23.05.48:043][  0]LogShaderLibrary: Display: ShaderCodeLibraryPakFileMountedCallback: PakFile 'C:/Program Files/Epic Games/UE_4.27/FeaturePacks/TP_Puzzle.upack' (chunk index -1, root 'root:/') mounted
[2022.03.14-23.05.48:043][  0]LogShaderLibrary: Display: ShaderCodeLibraryPakFileMountedCallback: pending pak file info (ChunkID:-1 Root:root:/ File:C:/Program Files/Epic Games/UE_4.27/FeaturePacks/TP_Puzzle.upack)
[2022.03.14-23.05.48:043][  0]LogPakFile: OnPakFileMounted2Time == 0.000020
[2022.03.14-23.05.48:043][  0]LogPakFile: PakFile PrimaryIndexSize=184
[2022.03.14-23.05.48:043][  0]LogPakFile: PakFile PathHashIndexSize=101
[2022.03.14-23.05.48:043][  0]LogPakFile: PakFile FullDirectoryIndexSize=142
[2022.03.14-23.05.48:043][  0]LogShaderLibrary: Display: ShaderCodeLibraryPakFileMountedCallback: PakFile 'C:/Program Files/Epic Games/UE_4.27/FeaturePacks/TP_PuzzleBP.upack' (chunk index -1, root 'root:/') mounted
[2022.03.14-23.05.48:043][  0]LogShaderLibrary: Display: ShaderCodeLibraryPakFileMountedCallback: pending pak file info (ChunkID:-1 Root:root:/ File:C:/Program Files/Epic Games/UE_4.27/FeaturePacks/TP_PuzzleBP.upack)
[2022.03.14-23.05.48:043][  0]LogPakFile: OnPakFileMounted2Time == 0.000021
[2022.03.14-23.05.48:044][  0]LogPakFile: PakFile PrimaryIndexSize=183
[2022.03.14-23.05.48:044][  0]LogPakFile: PakFile PathHashIndexSize=101
[2022.03.14-23.05.48:044][  0]LogPakFile: PakFile FullDirectoryIndexSize=140
[2022.03.14-23.05.48:044][  0]LogShaderLibrary: Display: ShaderCodeLibraryPakFileMountedCallback: PakFile 'C:/Program Files/Epic Games/UE_4.27/FeaturePacks/TP_Rolling.upack' (chunk index -1, root 'root:/') mounted
[2022.03.14-23.05.48:044][  0]LogShaderLibrary: Display: ShaderCodeLibraryPakFileMountedCallback: pending pak file info (ChunkID:-1 Root:root:/ File:C:/Program Files/Epic Games/UE_4.27/FeaturePacks/TP_Rolling.upack)
[2022.03.14-23.05.48:044][  0]LogPakFile: OnPakFileMounted2Time == 0.000020
[2022.03.14-23.05.48:044][  0]LogPakFile: PakFile PrimaryIndexSize=185
[2022.03.14-23.05.48:044][  0]LogPakFile: PakFile PathHashIndexSize=101
[2022.03.14-23.05.48:044][  0]LogPakFile: PakFile FullDirectoryIndexSize=144
[2022.03.14-23.05.48:044][  0]LogShaderLibrary: Display: ShaderCodeLibraryPakFileMountedCallback: PakFile 'C:/Program Files/Epic Games/UE_4.27/FeaturePacks/TP_RollingBP.upack' (chunk index -1, root 'root:/') mounted
[2022.03.14-23.05.48:044][  0]LogShaderLibrary: Display: ShaderCodeLibraryPakFileMountedCallback: pending pak file info (ChunkID:-1 Root:root:/ File:C:/Program Files/Epic Games/UE_4.27/FeaturePacks/TP_RollingBP.upack)
[2022.03.14-23.05.48:044][  0]LogPakFile: OnPakFileMounted2Time == 0.000020
[2022.03.14-23.05.48:045][  0]LogPakFile: PakFile PrimaryIndexSize=188
[2022.03.14-23.05.48:045][  0]LogPakFile: PakFile PathHashIndexSize=101
[2022.03.14-23.05.48:045][  0]LogPakFile: PakFile FullDirectoryIndexSize=150
[2022.03.14-23.05.48:045][  0]LogShaderLibrary: Display: ShaderCodeLibraryPakFileMountedCallback: PakFile 'C:/Program Files/Epic Games/UE_4.27/FeaturePacks/TP_SideScroller.upack' (chunk index -1, root 'root:/') mounted
[2022.03.14-23.05.48:045][  0]LogShaderLibrary: Display: ShaderCodeLibraryPakFileMountedCallback: pending pak file info (ChunkID:-1 Root:root:/ File:C:/Program Files/Epic Games/UE_4.27/FeaturePacks/TP_SideScroller.upack)
[2022.03.14-23.05.48:045][  0]LogPakFile: OnPakFileMounted2Time == 0.000020
[2022.03.14-23.05.48:045][  0]LogPakFile: PakFile PrimaryIndexSize=190
[2022.03.14-23.05.48:045][  0]LogPakFile: PakFile PathHashIndexSize=101
[2022.03.14-23.05.48:045][  0]LogPakFile: PakFile FullDirectoryIndexSize=154
[2022.03.14-23.05.48:045][  0]LogShaderLibrary: Display: ShaderCodeLibraryPakFileMountedCallback: PakFile 'C:/Program Files/Epic Games/UE_4.27/FeaturePacks/TP_SideScrollerBP.upack' (chunk index -1, root 'root:/') mounted
[2022.03.14-23.05.48:045][  0]LogShaderLibrary: Display: ShaderCodeLibraryPakFileMountedCallback: pending pak file info (ChunkID:-1 Root:root:/ File:C:/Program Files/Epic Games/UE_4.27/FeaturePacks/TP_SideScrollerBP.upack)
[2022.03.14-23.05.48:045][  0]LogPakFile: OnPakFileMounted2Time == 0.000020
[2022.03.14-23.05.48:045][  0]LogPakFile: PakFile PrimaryIndexSize=187
[2022.03.14-23.05.48:045][  0]LogPakFile: PakFile PathHashIndexSize=101
[2022.03.14-23.05.48:045][  0]LogPakFile: PakFile FullDirectoryIndexSize=148
[2022.03.14-23.05.48:045][  0]LogShaderLibrary: Display: ShaderCodeLibraryPakFileMountedCallback: PakFile 'C:/Program Files/Epic Games/UE_4.27/FeaturePacks/TP_ThirdPerson.upack' (chunk index -1, root 'root:/') mounted
[2022.03.14-23.05.48:045][  0]LogShaderLibrary: Display: ShaderCodeLibraryPakFileMountedCallback: pending pak file info (ChunkID:-1 Root:root:/ File:C:/Program Files/Epic Games/UE_4.27/FeaturePacks/TP_ThirdPerson.upack)
[2022.03.14-23.05.48:045][  0]LogPakFile: OnPakFileMounted2Time == 0.000020
[2022.03.14-23.05.48:046][  0]LogPakFile: PakFile PrimaryIndexSize=189
[2022.03.14-23.05.48:046][  0]LogPakFile: PakFile PathHashIndexSize=101
[2022.03.14-23.05.48:046][  0]LogPakFile: PakFile FullDirectoryIndexSize=152
[2022.03.14-23.05.48:046][  0]LogShaderLibrary: Display: ShaderCodeLibraryPakFileMountedCallback: PakFile 'C:/Program Files/Epic Games/UE_4.27/FeaturePacks/TP_ThirdPersonBP.upack' (chunk index -1, root 'root:/') mounted
[2022.03.14-23.05.48:046][  0]LogShaderLibrary: Display: ShaderCodeLibraryPakFileMountedCallback: pending pak file info (ChunkID:-1 Root:root:/ File:C:/Program Files/Epic Games/UE_4.27/FeaturePacks/TP_ThirdPersonBP.upack)
[2022.03.14-23.05.48:046][  0]LogPakFile: OnPakFileMounted2Time == 0.000020
[2022.03.14-23.05.48:046][  0]LogPakFile: PakFile PrimaryIndexSize=183
[2022.03.14-23.05.48:046][  0]LogPakFile: PakFile PathHashIndexSize=101
[2022.03.14-23.05.48:046][  0]LogPakFile: PakFile FullDirectoryIndexSize=140
[2022.03.14-23.05.48:046][  0]LogShaderLibrary: Display: ShaderCodeLibraryPakFileMountedCallback: PakFile 'C:/Program Files/Epic Games/UE_4.27/FeaturePacks/TP_TopDown.upack' (chunk index -1, root 'root:/') mounted
[2022.03.14-23.05.48:046][  0]LogShaderLibrary: Display: ShaderCodeLibraryPakFileMountedCallback: pending pak file info (ChunkID:-1 Root:root:/ File:C:/Program Files/Epic Games/UE_4.27/FeaturePacks/TP_TopDown.upack)
[2022.03.14-23.05.48:046][  0]LogPakFile: OnPakFileMounted2Time == 0.000025
[2022.03.14-23.05.48:046][  0]LogPakFile: PakFile PrimaryIndexSize=185
[2022.03.14-23.05.48:046][  0]LogPakFile: PakFile PathHashIndexSize=101
[2022.03.14-23.05.48:046][  0]LogPakFile: PakFile FullDirectoryIndexSize=144
[2022.03.14-23.05.48:046][  0]LogShaderLibrary: Display: ShaderCodeLibraryPakFileMountedCallback: PakFile 'C:/Program Files/Epic Games/UE_4.27/FeaturePacks/TP_TopDownBP.upack' (chunk index -1, root 'root:/') mounted
[2022.03.14-23.05.48:046][  0]LogShaderLibrary: Display: ShaderCodeLibraryPakFileMountedCallback: pending pak file info (ChunkID:-1 Root:root:/ File:C:/Program Files/Epic Games/UE_4.27/FeaturePacks/TP_TopDownBP.upack)
[2022.03.14-23.05.48:046][  0]LogPakFile: OnPakFileMounted2Time == 0.000020
[2022.03.14-23.05.48:047][  0]LogPakFile: PakFile PrimaryIndexSize=185
[2022.03.14-23.05.48:047][  0]LogPakFile: PakFile PathHashIndexSize=101
[2022.03.14-23.05.48:047][  0]LogPakFile: PakFile FullDirectoryIndexSize=144
[2022.03.14-23.05.48:047][  0]LogShaderLibrary: Display: ShaderCodeLibraryPakFileMountedCallback: PakFile 'C:/Program Files/Epic Games/UE_4.27/FeaturePacks/TP_TwinStick.upack' (chunk index -1, root 'root:/') mounted
[2022.03.14-23.05.48:047][  0]LogShaderLibrary: Display: ShaderCodeLibraryPakFileMountedCallback: pending pak file info (ChunkID:-1 Root:root:/ File:C:/Program Files/Epic Games/UE_4.27/FeaturePacks/TP_TwinStick.upack)
[2022.03.14-23.05.48:047][  0]LogPakFile: OnPakFileMounted2Time == 0.000021
[2022.03.14-23.05.48:047][  0]LogPakFile: PakFile PrimaryIndexSize=187
[2022.03.14-23.05.48:047][  0]LogPakFile: PakFile PathHashIndexSize=101
[2022.03.14-23.05.48:047][  0]LogPakFile: PakFile FullDirectoryIndexSize=148
[2022.03.14-23.05.48:047][  0]LogShaderLibrary: Display: ShaderCodeLibraryPakFileMountedCallback: PakFile 'C:/Program Files/Epic Games/UE_4.27/FeaturePacks/TP_TwinStickBP.upack' (chunk index -1, root 'root:/') mounted
[2022.03.14-23.05.48:047][  0]LogShaderLibrary: Display: ShaderCodeLibraryPakFileMountedCallback: pending pak file info (ChunkID:-1 Root:root:/ File:C:/Program Files/Epic Games/UE_4.27/FeaturePacks/TP_TwinStickBP.upack)
[2022.03.14-23.05.48:047][  0]LogPakFile: OnPakFileMounted2Time == 0.000020
[2022.03.14-23.05.48:047][  0]LogPakFile: PakFile PrimaryIndexSize=183
[2022.03.14-23.05.48:047][  0]LogPakFile: PakFile PathHashIndexSize=101
[2022.03.14-23.05.48:047][  0]LogPakFile: PakFile FullDirectoryIndexSize=140
[2022.03.14-23.05.48:047][  0]LogShaderLibrary: Display: ShaderCodeLibraryPakFileMountedCallback: PakFile 'C:/Program Files/Epic Games/UE_4.27/FeaturePacks/TP_Vehicle.upack' (chunk index -1, root 'root:/') mounted
[2022.03.14-23.05.48:047][  0]LogShaderLibrary: Display: ShaderCodeLibraryPakFileMountedCallback: pending pak file info (ChunkID:-1 Root:root:/ File:C:/Program Files/Epic Games/UE_4.27/FeaturePacks/TP_Vehicle.upack)
[2022.03.14-23.05.48:047][  0]LogPakFile: OnPakFileMounted2Time == 0.000020
[2022.03.14-23.05.48:048][  0]LogPakFile: PakFile PrimaryIndexSize=186
[2022.03.14-23.05.48:048][  0]LogPakFile: PakFile PathHashIndexSize=101
[2022.03.14-23.05.48:048][  0]LogPakFile: PakFile FullDirectoryIndexSize=146
[2022.03.14-23.05.48:048][  0]LogShaderLibrary: Display: ShaderCodeLibraryPakFileMountedCallback: PakFile 'C:/Program Files/Epic Games/UE_4.27/FeaturePacks/TP_VehicleAdv.upack' (chunk index -1, root 'root:/') mounted
[2022.03.14-23.05.48:048][  0]LogShaderLibrary: Display: ShaderCodeLibraryPakFileMountedCallback: pending pak file info (ChunkID:-1 Root:root:/ File:C:/Program Files/Epic Games/UE_4.27/FeaturePacks/TP_VehicleAdv.upack)
[2022.03.14-23.05.48:048][  0]LogPakFile: OnPakFileMounted2Time == 0.000020
[2022.03.14-23.05.48:048][  0]LogPakFile: PakFile PrimaryIndexSize=188
[2022.03.14-23.05.48:048][  0]LogPakFile: PakFile PathHashIndexSize=101
[2022.03.14-23.05.48:048][  0]LogPakFile: PakFile FullDirectoryIndexSize=150
[2022.03.14-23.05.48:048][  0]LogShaderLibrary: Display: ShaderCodeLibraryPakFileMountedCallback: PakFile 'C:/Program Files/Epic Games/UE_4.27/FeaturePacks/TP_VehicleAdvBP.upack' (chunk index -1, root 'root:/') mounted
[2022.03.14-23.05.48:048][  0]LogShaderLibrary: Display: ShaderCodeLibraryPakFileMountedCallback: pending pak file info (ChunkID:-1 Root:root:/ File:C:/Program Files/Epic Games/UE_4.27/FeaturePacks/TP_VehicleAdvBP.upack)
[2022.03.14-23.05.48:048][  0]LogPakFile: OnPakFileMounted2Time == 0.000020
[2022.03.14-23.05.48:049][  0]LogPakFile: PakFile PrimaryIndexSize=185
[2022.03.14-23.05.48:049][  0]LogPakFile: PakFile PathHashIndexSize=101
[2022.03.14-23.05.48:049][  0]LogPakFile: PakFile FullDirectoryIndexSize=144
[2022.03.14-23.05.48:049][  0]LogShaderLibrary: Display: ShaderCodeLibraryPakFileMountedCallback: PakFile 'C:/Program Files/Epic Games/UE_4.27/FeaturePacks/TP_VehicleBP.upack' (chunk index -1, root 'root:/') mounted
[2022.03.14-23.05.48:049][  0]LogShaderLibrary: Display: ShaderCodeLibraryPakFileMountedCallback: pending pak file info (ChunkID:-1 Root:root:/ File:C:/Program Files/Epic Games/UE_4.27/FeaturePacks/TP_VehicleBP.upack)
[2022.03.14-23.05.48:049][  0]LogPakFile: OnPakFileMounted2Time == 0.000020
[2022.03.14-23.05.48:049][  0]LogPakFile: PakFile PrimaryIndexSize=192
[2022.03.14-23.05.48:049][  0]LogPakFile: PakFile PathHashIndexSize=101
[2022.03.14-23.05.48:049][  0]LogPakFile: PakFile FullDirectoryIndexSize=158
[2022.03.14-23.05.48:049][  0]LogShaderLibrary: Display: ShaderCodeLibraryPakFileMountedCallback: PakFile 'C:/Program Files/Epic Games/UE_4.27/FeaturePacks/TP_VirtualRealityBP.upack' (chunk index -1, root 'root:/') mounted
[2022.03.14-23.05.48:049][  0]LogShaderLibrary: Display: ShaderCodeLibraryPakFileMountedCallback: pending pak file info (ChunkID:-1 Root:root:/ File:C:/Program Files/Epic Games/UE_4.27/FeaturePacks/TP_VirtualRealityBP.upack)
[2022.03.14-23.05.48:049][  0]LogPakFile: OnPakFileMounted2Time == 0.000020
[2022.03.14-23.05.48:078][  0]LogNativeClassHierarchy: Verbose: Native class hierarchy updated for 'AddContentDialog' in 0.0002 seconds. Added 0 classes and 0 folders.
[2022.03.14-23.05.48:079][  0]LogNativeClassHierarchy: Verbose: Native class hierarchy updated for 'SceneOutliner' in 0.0001 seconds. Added 2 classes and 0 folders.
[2022.03.14-23.05.48:123][  0]LogSlate: Took 0.000109 seconds to synchronously load lazily loaded font '../../../Engine/Content/Slate/Fonts/Roboto-Regular.ttf' (155K)
[2022.03.14-23.05.48:124][  0]LogSlate: Took 0.000074 seconds to synchronously load lazily loaded font '../../../Engine/Content/Editor/Slate/Fonts/FontAwesome.ttf' (139K)
[2022.03.14-23.05.48:124][  0]LogSlate: Took 0.000071 seconds to synchronously load lazily loaded font '../../../Engine/Content/Slate/Fonts/Roboto-Bold.ttf' (160K)
[2022.03.14-23.05.48:182][  0]LogRenderer: Reallocating scene render targets to support 1140x572 Format 10 NumSamples 1 (Frame:1).
[2022.03.14-23.05.48:191][  0]LogStaticMesh: Allocated 417x128x128 distance field atlas = 13.0Mb, with 62 objects containing 11.8Mb backing data
[2022.03.14-23.05.48:517][  0]LogSlate: Took 0.000097 seconds to synchronously load lazily loaded font '../../../Engine/Content/Slate/Fonts/Roboto-Light.ttf' (167K)
[2022.03.14-23.05.48:574][  0]LogNativeClassHierarchy: Verbose: Native class hierarchy updated for 'HierarchicalLODOutliner' in 0.0002 seconds. Added 0 classes and 0 folders.
[2022.03.14-23.05.48:574][  0]LogInput: Warning: Action Jump uses invalid key OculusGo_Left_Trigger_Click.
[2022.03.14-23.05.48:574][  0]LogInput: Warning: Action ResetVR uses invalid key OculusGo_Left_Trackpad_Click.
[2022.03.14-23.05.48:574][  0]LogInput: Warning: Use -RemoveInvalidKeys to remove instances of these keys from the action mapping.
[2022.03.14-23.05.48:574][  0]LogLoad: (Engine Initialization) Total time: 7.85 seconds
[2022.03.14-23.05.48:574][  0]LogLoad: (Engine Initialization) Total Blueprint compile time: 0.00 seconds
[2022.03.14-23.05.48:658][  0]LogAssetRegistry: Asset discovery search completed in 5.5176 seconds
[2022.03.14-23.05.48:663][  0]LogCollectionManager: Fixed up redirectors for 0 collections in 0.000003 seconds (updated 0 objects)
[2022.03.14-23.05.48:664][  0]LogContentStreaming: Texture pool size now 1000 MB
[2022.03.14-23.06.01:338][499]LogContentBrowser: Attempting asset rename: Tank -> Tank
